#
# There is insufficient memory for the Java Runtime Environment to continue.
# Native memory allocation (malloc) failed to allocate 1825776 bytes for Chunk::new
# Possible reasons:
#   The system is out of physical RAM or swap space
#   The process is running with CompressedOops enabled, and the Java Heap may be blocking the growth of the native heap
# Possible solutions:
#   Reduce memory load on the system
#   Increase physical memory or swap space
#   Check if swap backing store is full
#   Decrease Java heap size (-Xmx/-Xms)
#   Decrease number of Java threads
#   Decrease Java thread stack sizes (-Xss)
#   Set larger code cache with -XX:ReservedCodeCacheSize=
#   JVM is running with Unscaled Compressed Oops mode in which the Java heap is
#     placed in the first 4GB address space. The Java Heap base address is the
#     maximum limit for the native heap growth. Please use -XX:HeapBaseMinAddress
#     to set the Java Heap base and to place the Java Heap above 4GB virtual address.
# This output file may be truncated or incomplete.
#
#  Out of Memory Error (./src/hotspot/share/memory/arena.cpp:197), pid=22108, tid=12748
#
# JRE version: OpenJDK Runtime Environment Microsoft-7208460 (11.0.18+10) (build 11.0.18+10-LTS)
# Java VM: OpenJDK 64-Bit Server VM Microsoft-7208460 (11.0.18+10-LTS, mixed mode, tiered, compressed oops, g1 gc, windows-amd64)
# No core dump will be written. Minidumps are not enabled by default on client versions of Windows
#

---------------  S U M M A R Y ------------

Command Line: -XX:MaxMetaspaceSize=512m --add-opens=java.base/java.util=ALL-UNNAMED --add-opens=java.base/java.lang=ALL-UNNAMED --add-opens=java.base/java.lang.invoke=ALL-UNNAMED --add-opens=java.prefs/java.util.prefs=ALL-UNNAMED --add-opens=java.base/java.nio.charset=ALL-UNNAMED --add-opens=java.base/java.net=ALL-UNNAMED --add-opens=java.base/java.util.concurrent.atomic=ALL-UNNAMED -Xmx2048m -Dfile.encoding=windows-1252 -Duser.country=US -Duser.language=en -Duser.variant org.gradle.launcher.daemon.bootstrap.GradleDaemon 8.0.1

Host: Intel(R) Core(TM) i5-4570 CPU @ 3.20GHz, 4 cores, 15G,  Windows 11 , 64 bit Build 22621 (10.0.22621.2070)
Time: Sun Aug 13 19:54:21 2023 India Standard Time elapsed time: 42.119487 seconds (0d 0h 0m 42s)

---------------  T H R E A D  ---------------

Current thread (0x000002e3a6846000):  JavaThread "C2 CompilerThread0" daemon [_thread_in_native, id=12748, stack(0x000000eff0000000,0x000000eff0100000)]


Current CompileTask:
C2:  42119 8760       4       jdk.internal.loader.URLClassPath$JarLoader$2::getBytes (48 bytes)

Stack: [0x000000eff0000000,0x000000eff0100000]
Native frames: (J=compiled Java code, j=interpreted, Vv=VM code, C=native code)
V  [jvm.dll+0x62bf8a]
V  [jvm.dll+0x7b8fb9]
V  [jvm.dll+0x7ba6a8]
V  [jvm.dll+0x7bad83]
V  [jvm.dll+0x250248]
V  [jvm.dll+0xc260c]
V  [jvm.dll+0xc2bcc]
V  [jvm.dll+0x35e182]
V  [jvm.dll+0x32a373]
V  [jvm.dll+0x3296aa]
V  [jvm.dll+0x2093b3]
V  [jvm.dll+0x20850d]
V  [jvm.dll+0x18a4b1]
V  [jvm.dll+0x217eec]
V  [jvm.dll+0x21612b]
V  [jvm.dll+0x77bac0]
V  [jvm.dll+0x7749f4]
V  [jvm.dll+0x62adf5]
C  [ucrtbase.dll+0x29363]
C  [KERNEL32.DLL+0x126ad]
C  [ntdll.dll+0x5aa68]


---------------  P R O C E S S  ---------------

Threads class SMR info:
_java_thread_list=0x000002e3a9fbc9e0, length=88, elements={
0x000002e38772d800, 0x000002e3a5fcc000, 0x000002e3a5fcd000, 0x000002e3a6842800,
0x000002e3a6844000, 0x000002e3a6845000, 0x000002e3a6846000, 0x000002e3a6849800,
0x000002e3a68ab800, 0x000002e3a69b9800, 0x000002e3a966e800, 0x000002e3a7c80000,
0x000002e3a7e95000, 0x000002e3a7f1d000, 0x000002e3a7f1e000, 0x000002e3a8c5c000,
0x000002e3a8450800, 0x000002e3a8451000, 0x000002e3a87f2800, 0x000002e3a92fb000,
0x000002e3a88fe000, 0x000002e3a88fa000, 0x000002e3a88fc800, 0x000002e3a88fb800,
0x000002e3a8900800, 0x000002e3a88ff000, 0x000002e3a88ff800, 0x000002e3a88fd000,
0x000002e3a88fa800, 0x000002e3a8b6e000, 0x000002e3a8b6b800, 0x000002e3a8b70000,
0x000002e3a8b6c800, 0x000002e3a8b6a000, 0x000002e3a8b6b000, 0x000002e3a8b74000,
0x000002e3a8b74800, 0x000002e3a8b70800, 0x000002e3a8b72800, 0x000002e3a8b71800,
0x000002e3a8b73000, 0x000002e3a8b6f000, 0x000002e3a8b78000, 0x000002e3a8b79000,
0x000002e3a8b75800, 0x000002e3a8b76800, 0x000002e3a8b77000, 0x000002e3a8dc4800,
0x000002e3a8dc5800, 0x000002e3a8dc4000, 0x000002e3a8dc6800, 0x000002e3a8dc7000,
0x000002e3a8dc8000, 0x000002e3a8dc2000, 0x000002e3a8dc8800, 0x000002e3a8dc3000,
0x000002e3a8dcf800, 0x000002e3a8dcb000, 0x000002e3a8dcd800, 0x000002e3a8dcc000,
0x000002e3a8dcd000, 0x000002e3a8dce800, 0x000002e3a8dca800, 0x000002e3a8dc9800,
0x000002e3a8dd0000, 0x000002e3a8dd1000, 0x000002e3a9112000, 0x000002e3a9110800,
0x000002e3a910d800, 0x000002e3a910e000, 0x000002e3a910f000, 0x000002e3a910c800,
0x000002e3a910f800, 0x000002e3a9118000, 0x000002e3a9118800, 0x000002e3a9115800,
0x000002e3a9116800, 0x000002e3a9113000, 0x000002e3a9114000, 0x000002e3a9119800,
0x000002e3a911a800, 0x000002e3a9117000, 0x000002e3a9114800, 0x000002e3a911b000,
0x000002e3a8cfa000, 0x000002e3a8cfb000, 0x000002e3a8cf8800, 0x000002e3ac88b000
}

Java Threads: ( => current thread )
  0x000002e38772d800 JavaThread "main" [_thread_blocked, id=15660, stack(0x000000efef300000,0x000000efef400000)]
  0x000002e3a5fcc000 JavaThread "Reference Handler" daemon [_thread_blocked, id=20548, stack(0x000000efefb00000,0x000000efefc00000)]
  0x000002e3a5fcd000 JavaThread "Finalizer" daemon [_thread_blocked, id=24992, stack(0x000000efefc00000,0x000000efefd00000)]
  0x000002e3a6842800 JavaThread "Signal Dispatcher" daemon [_thread_blocked, id=19880, stack(0x000000efefd00000,0x000000efefe00000)]
  0x000002e3a6844000 JavaThread "Attach Listener" daemon [_thread_blocked, id=2836, stack(0x000000efefe00000,0x000000efeff00000)]
  0x000002e3a6845000 JavaThread "Service Thread" daemon [_thread_blocked, id=19852, stack(0x000000efeff00000,0x000000eff0000000)]
=>0x000002e3a6846000 JavaThread "C2 CompilerThread0" daemon [_thread_in_native, id=12748, stack(0x000000eff0000000,0x000000eff0100000)]
  0x000002e3a6849800 JavaThread "C1 CompilerThread0" daemon [_thread_blocked, id=12544, stack(0x000000eff0100000,0x000000eff0200000)]
  0x000002e3a68ab800 JavaThread "Sweeper thread" daemon [_thread_blocked, id=9932, stack(0x000000eff0200000,0x000000eff0300000)]
  0x000002e3a69b9800 JavaThread "Common-Cleaner" daemon [_thread_blocked, id=9052, stack(0x000000eff0300000,0x000000eff0400000)]
  0x000002e3a966e800 JavaThread "Daemon health stats" [_thread_blocked, id=25120, stack(0x000000eff0900000,0x000000eff0a00000)]
  0x000002e3a7c80000 JavaThread "Incoming local TCP Connector on port 51784" [_thread_in_native, id=23444, stack(0x000000eff0800000,0x000000eff0900000)]
  0x000002e3a7e95000 JavaThread "Daemon periodic checks" [_thread_blocked, id=24520, stack(0x000000eff0a00000,0x000000eff0b00000)]
  0x000002e3a7f1d000 JavaThread "Daemon" [_thread_blocked, id=16732, stack(0x000000eff0b00000,0x000000eff0c00000)]
  0x000002e3a7f1e000 JavaThread "Handler for socket connection from /127.0.0.1:51784 to /127.0.0.1:51785" [_thread_in_native, id=24036, stack(0x000000eff0c00000,0x000000eff0d00000)]
  0x000002e3a8c5c000 JavaThread "Cancel handler" [_thread_blocked, id=3984, stack(0x000000eff0d00000,0x000000eff0e00000)]
  0x000002e3a8450800 JavaThread "Daemon worker" [_thread_in_vm, id=22864, stack(0x000000eff0e00000,0x000000eff0f00000)]
  0x000002e3a8451000 JavaThread "Asynchronous log dispatcher for DefaultDaemonConnection: socket connection from /127.0.0.1:51784 to /127.0.0.1:51785" [_thread_blocked, id=14240, stack(0x000000eff0f00000,0x000000eff1000000)]
  0x000002e3a87f2800 JavaThread "Stdin handler" [_thread_blocked, id=16792, stack(0x000000eff1000000,0x000000eff1100000)]
  0x000002e3a92fb000 JavaThread "Daemon client event forwarder" [_thread_blocked, id=20292, stack(0x000000eff1100000,0x000000eff1200000)]
  0x000002e3a88fe000 JavaThread "Cache worker for journal cache (C:\Users\Yug J\.gradle\caches\journal-1)" [_thread_blocked, id=5804, stack(0x000000eff1200000,0x000000eff1300000)]
  0x000002e3a88fa000 JavaThread "File lock request listener" [_thread_in_native, id=18064, stack(0x000000eff1300000,0x000000eff1400000)]
  0x000002e3a88fc800 JavaThread "Cache worker for file hash cache (C:\Users\Yug J\.gradle\caches\8.0.1\fileHashes)" [_thread_blocked, id=14888, stack(0x000000eff1400000,0x000000eff1500000)]
  0x000002e3a88fb800 JavaThread "File watcher server" daemon [_thread_in_native, id=13972, stack(0x000000eff1600000,0x000000eff1700000)]
  0x000002e3a8900800 JavaThread "File watcher consumer" daemon [_thread_blocked, id=9808, stack(0x000000eff1700000,0x000000eff1800000)]
  0x000002e3a88ff000 JavaThread "Cache worker for checksums cache (D:\React-Native\passwordGenerator\android\.gradle\8.0.1\checksums)" [_thread_blocked, id=8660, stack(0x000000eff1500000,0x000000eff1600000)]
  0x000002e3a88ff800 JavaThread "Cache worker for cache directory md-rule (C:\Users\Yug J\.gradle\caches\8.0.1\md-rule)" [_thread_blocked, id=13784, stack(0x000000eff1800000,0x000000eff1900000)]
  0x000002e3a88fd000 JavaThread "Cache worker for file content cache (C:\Users\Yug J\.gradle\caches\8.0.1\fileContent)" [_thread_blocked, id=13112, stack(0x000000eff1900000,0x000000eff1a00000)]
  0x000002e3a88fa800 JavaThread "Cache worker for file hash cache (D:\React-Native\passwordGenerator\android\.gradle\8.0.1\fileHashes)" [_thread_blocked, id=10476, stack(0x000000eff1a00000,0x000000eff1b00000)]
  0x000002e3a8b6e000 JavaThread "Cache worker for cache directory md-supplier (C:\Users\Yug J\.gradle\caches\8.0.1\md-supplier)" [_thread_blocked, id=13528, stack(0x000000eff1b00000,0x000000eff1c00000)]
  0x000002e3a8b6b800 JavaThread "Cache worker for execution history cache (C:\Users\Yug J\.gradle\caches\8.0.1\executionHistory)" [_thread_blocked, id=12832, stack(0x000000eff1c00000,0x000000eff1d00000)]
  0x000002e3a8b70000 JavaThread "jar transforms" [_thread_blocked, id=22172, stack(0x000000eff1e00000,0x000000eff1f00000)]
  0x000002e3a8b6c800 JavaThread "jar transforms Thread 2" [_thread_blocked, id=9812, stack(0x000000eff1f00000,0x000000eff2000000)]
  0x000002e3a8b6a000 JavaThread "jar transforms Thread 3" [_thread_blocked, id=3536, stack(0x000000eff2000000,0x000000eff2100000)]
  0x000002e3a8b6b000 JavaThread "jar transforms Thread 4" [_thread_blocked, id=5676, stack(0x000000eff2100000,0x000000eff2200000)]
  0x000002e3a8b74000 JavaThread "File lock release action executor" [_thread_blocked, id=22412, stack(0x000000eff1d00000,0x000000eff1e00000)]
  0x000002e3a8b74800 JavaThread "Cache worker for kotlin-dsl (C:\Users\Yug J\.gradle\caches\8.0.1\kotlin-dsl)" [_thread_blocked, id=10120, stack(0x000000eff2300000,0x000000eff2400000)]
  0x000002e3a8b70800 JavaThread "Cache worker for dependencies-accessors (D:\React-Native\passwordGenerator\android\.gradle\8.0.1\dependencies-accessors)" [_thread_blocked, id=21624, stack(0x000000eff2400000,0x000000eff2500000)]
  0x000002e3a8b72800 JavaThread "Cache worker for Build Output Cleanup Cache (D:\React-Native\passwordGenerator\node_modules\@react-native\gradle-plugin\.gradle\buildOutputCleanup)" [_thread_blocked, id=5396, stack(0x000000eff2500000,0x000000eff2600000)]
  0x000002e3a8b71800 JavaThread "Unconstrained build operations" [_thread_blocked, id=25260, stack(0x000000eff2200000,0x000000eff2300000)]
  0x000002e3a8b73000 JavaThread "Unconstrained build operations Thread 2" [_thread_blocked, id=23252, stack(0x000000eff2600000,0x000000eff2700000)]
  0x000002e3a8b6f000 JavaThread "Unconstrained build operations Thread 3" [_thread_blocked, id=18312, stack(0x000000eff2700000,0x000000eff2800000)]
  0x000002e3a8b78000 JavaThread "Unconstrained build operations Thread 4" [_thread_blocked, id=18280, stack(0x000000eff2800000,0x000000eff2900000)]
  0x000002e3a8b79000 JavaThread "Unconstrained build operations Thread 5" [_thread_blocked, id=20076, stack(0x000000eff2900000,0x000000eff2a00000)]
  0x000002e3a8b75800 JavaThread "Unconstrained build operations Thread 6" [_thread_blocked, id=12968, stack(0x000000eff2a00000,0x000000eff2b00000)]
  0x000002e3a8b76800 JavaThread "Unconstrained build operations Thread 7" [_thread_blocked, id=13616, stack(0x000000eff2b00000,0x000000eff2c00000)]
  0x000002e3a8b77000 JavaThread "Unconstrained build operations Thread 8" [_thread_blocked, id=23312, stack(0x000000eff2c00000,0x000000eff2d00000)]
  0x000002e3a8dc4800 JavaThread "Unconstrained build operations Thread 9" [_thread_blocked, id=23788, stack(0x000000eff2d00000,0x000000eff2e00000)]
  0x000002e3a8dc5800 JavaThread "Unconstrained build operations Thread 10" [_thread_blocked, id=17296, stack(0x000000eff2e00000,0x000000eff2f00000)]
  0x000002e3a8dc4000 JavaThread "Unconstrained build operations Thread 11" [_thread_blocked, id=12448, stack(0x000000eff2f00000,0x000000eff3000000)]
  0x000002e3a8dc6800 JavaThread "Unconstrained build operations Thread 12" [_thread_blocked, id=25376, stack(0x000000eff3000000,0x000000eff3100000)]
  0x000002e3a8dc7000 JavaThread "Unconstrained build operations Thread 13" [_thread_blocked, id=10888, stack(0x000000eff3100000,0x000000eff3200000)]
  0x000002e3a8dc8000 JavaThread "Unconstrained build operations Thread 14" [_thread_blocked, id=21400, stack(0x000000eff3200000,0x000000eff3300000)]
  0x000002e3a8dc2000 JavaThread "Unconstrained build operations Thread 15" [_thread_blocked, id=18844, stack(0x000000eff3300000,0x000000eff3400000)]
  0x000002e3a8dc8800 JavaThread "Unconstrained build operations Thread 16" [_thread_blocked, id=17432, stack(0x000000eff3400000,0x000000eff3500000)]
  0x000002e3a8dc3000 JavaThread "Unconstrained build operations Thread 17" [_thread_blocked, id=10540, stack(0x000000eff3500000,0x000000eff3600000)]
  0x000002e3a8dcf800 JavaThread "Unconstrained build operations Thread 18" [_thread_blocked, id=3240, stack(0x000000eff3600000,0x000000eff3700000)]
  0x000002e3a8dcb000 JavaThread "Unconstrained build operations Thread 19" [_thread_blocked, id=24124, stack(0x000000eff3700000,0x000000eff3800000)]
  0x000002e3a8dcd800 JavaThread "Unconstrained build operations Thread 20" [_thread_blocked, id=25000, stack(0x000000eff3800000,0x000000eff3900000)]
  0x000002e3a8dcc000 JavaThread "Unconstrained build operations Thread 21" [_thread_blocked, id=13564, stack(0x000000eff3900000,0x000000eff3a00000)]
  0x000002e3a8dcd000 JavaThread "Unconstrained build operations Thread 22" [_thread_blocked, id=12684, stack(0x000000eff3a00000,0x000000eff3b00000)]
  0x000002e3a8dce800 JavaThread "Unconstrained build operations Thread 23" [_thread_blocked, id=17888, stack(0x000000eff3b00000,0x000000eff3c00000)]
  0x000002e3a8dca800 JavaThread "Unconstrained build operations Thread 24" [_thread_blocked, id=24980, stack(0x000000eff3c00000,0x000000eff3d00000)]
  0x000002e3a8dc9800 JavaThread "Unconstrained build operations Thread 25" [_thread_blocked, id=13944, stack(0x000000eff3d00000,0x000000eff3e00000)]
  0x000002e3a8dd0000 JavaThread "Unconstrained build operations Thread 26" [_thread_blocked, id=22576, stack(0x000000eff3e00000,0x000000eff3f00000)]
  0x000002e3a8dd1000 JavaThread "Memory manager" [_thread_blocked, id=10300, stack(0x000000eff3f00000,0x000000eff4000000)]
  0x000002e3a9112000 JavaThread "Cache worker for Build Output Cleanup Cache (D:\React-Native\passwordGenerator\android\.gradle\buildOutputCleanup)" [_thread_blocked, id=14000, stack(0x000000eff4000000,0x000000eff4100000)]
  0x000002e3a9110800 JavaThread "included builds" [_thread_blocked, id=13180, stack(0x000000eff4100000,0x000000eff4200000)]
  0x000002e3a910d800 JavaThread "Execution worker" [_thread_blocked, id=8148, stack(0x000000eff4200000,0x000000eff4300000)]
  0x000002e3a910e000 JavaThread "Execution worker Thread 2" [_thread_blocked, id=23876, stack(0x000000eff4300000,0x000000eff4400000)]
  0x000002e3a910f000 JavaThread "Execution worker Thread 3" [_thread_blocked, id=6888, stack(0x000000eff4400000,0x000000eff4500000)]
  0x000002e3a910c800 JavaThread "Cache worker for execution history cache (D:\React-Native\passwordGenerator\node_modules\@react-native\gradle-plugin\.gradle\8.0.1\executionHistory)" [_thread_blocked, id=22244, stack(0x000000eff4500000,0x000000eff4600000)]
  0x000002e3a910f800 JavaThread "Unconstrained build operations Thread 27" [_thread_blocked, id=24552, stack(0x000000eff4700000,0x000000eff4800000)]
  0x000002e3a9118000 JavaThread "Unconstrained build operations Thread 28" [_thread_blocked, id=16940, stack(0x000000eff4800000,0x000000eff4900000)]
  0x000002e3a9118800 JavaThread "Unconstrained build operations Thread 29" [_thread_blocked, id=16816, stack(0x000000eff4900000,0x000000eff4a00000)]
  0x000002e3a9115800 JavaThread "Unconstrained build operations Thread 30" [_thread_blocked, id=6248, stack(0x000000eff4a00000,0x000000eff4b00000)]
  0x000002e3a9116800 JavaThread "Unconstrained build operations Thread 31" [_thread_blocked, id=15860, stack(0x000000eff4b00000,0x000000eff4c00000)]
  0x000002e3a9113000 JavaThread "Unconstrained build operations Thread 32" [_thread_blocked, id=22076, stack(0x000000eff4c00000,0x000000eff4d00000)]
  0x000002e3a9114000 JavaThread "Unconstrained build operations Thread 33" [_thread_blocked, id=21852, stack(0x000000eff4d00000,0x000000eff4e00000)]
  0x000002e3a9119800 JavaThread "Unconstrained build operations Thread 34" [_thread_blocked, id=14820, stack(0x000000eff4e00000,0x000000eff4f00000)]
  0x000002e3a911a800 JavaThread "Unconstrained build operations Thread 35" [_thread_blocked, id=25324, stack(0x000000eff4f00000,0x000000eff5000000)]
  0x000002e3a9117000 JavaThread "Unconstrained build operations Thread 36" [_thread_blocked, id=17084, stack(0x000000eff5000000,0x000000eff5100000)]
  0x000002e3a9114800 JavaThread "Unconstrained build operations Thread 37" [_thread_blocked, id=17076, stack(0x000000eff5100000,0x000000eff5200000)]
  0x000002e3a911b000 JavaThread "Unconstrained build operations Thread 38" [_thread_blocked, id=21832, stack(0x000000eff5200000,0x000000eff5300000)]
  0x000002e3a8cfa000 JavaThread "Unconstrained build operations Thread 39" [_thread_blocked, id=20536, stack(0x000000eff5300000,0x000000eff5400000)]
  0x000002e3a8cfb000 JavaThread "Unconstrained build operations Thread 40" [_thread_blocked, id=25192, stack(0x000000eff5400000,0x000000eff5500000)]
  0x000002e3a8cf8800 JavaThread "File lock release action executor Thread 2" [_thread_blocked, id=22216, stack(0x000000eff5500000,0x000000eff5600000)]
  0x000002e3ac88b000 JavaThread "C2 CompilerThread1" daemon [_thread_in_native, id=22104, stack(0x000000eff5700000,0x000000eff5800000)]

Other Threads:
  0x000002e3a5fb8000 VMThread "VM Thread" [stack: 0x000000efefa00000,0x000000efefb00000] [id=23932]
  0x000002e3a69d5000 WatcherThread [stack: 0x000000eff0400000,0x000000eff0500000] [id=15140]
  0x000002e387746000 GCTaskThread "GC Thread#0" [stack: 0x000000efef500000,0x000000efef600000] [id=18896]
  0x000002e3a6f6f800 GCTaskThread "GC Thread#1" [stack: 0x000000eff0500000,0x000000eff0600000] [id=12916]
  0x000002e3a6e61000 GCTaskThread "GC Thread#2" [stack: 0x000000eff0600000,0x000000eff0700000] [id=13800]
  0x000002e3a6e61800 GCTaskThread "GC Thread#3" [stack: 0x000000eff0700000,0x000000eff0800000] [id=20592]
  0x000002e387776800 ConcurrentGCThread "G1 Main Marker" [stack: 0x000000efef600000,0x000000efef700000] [id=13512]
  0x000002e387779000 ConcurrentGCThread "G1 Conc#0" [stack: 0x000000efef700000,0x000000efef800000] [id=21200]
  0x000002e3a5e46800 ConcurrentGCThread "G1 Refine#0" [stack: 0x000000efef800000,0x000000efef900000] [id=13980]
  0x000002e3a5e49000 ConcurrentGCThread "G1 Young RemSet Sampling" [stack: 0x000000efef900000,0x000000efefa00000] [id=22068]

Threads with active compile tasks:
C2 CompilerThread0    42534 8760       4       jdk.internal.loader.URLClassPath$JarLoader$2::getBytes (48 bytes)
C2 CompilerThread1    42534 8850       4       org.objectweb.asm.MethodWriter::computeMethodInfoSize (571 bytes)

VM state:not at safepoint (normal execution)

VM Mutex/Monitor currently owned by a thread: None

Heap address: 0x0000000080000000, size: 2048 MB, Compressed Oops mode: 32-bit
Narrow klass base: 0x0000000000000000, Narrow klass shift: 3
Compressed class space size: 528482304 Address: 0x0000000100000000

Heap:
 garbage-first heap   total 262144K, used 101745K [0x0000000080000000, 0x0000000100000000)
  region size 1024K, 50 young (51200K), 20 survivors (20480K)
 Metaspace       used 82181K, capacity 84533K, committed 84744K, reserved 589824K
  class space    used 10508K, capacity 11459K, committed 11520K, reserved 516096K
Heap Regions: E=young(eden), S=young(survivor), O=old, HS=humongous(starts), HC=humongous(continues), CS=collection set, F=free, A=archive, TAMS=top-at-mark-start (previous, next)
|   0|0x0000000080000000, 0x0000000080100000, 0x0000000080100000|100%| O|  |TAMS 0x0000000080100000, 0x0000000080000000| Untracked 
|   1|0x0000000080100000, 0x0000000080200000, 0x0000000080200000|100%| O|  |TAMS 0x0000000080200000, 0x0000000080100000| Untracked 
|   2|0x0000000080200000, 0x0000000080300000, 0x0000000080300000|100%|HS|  |TAMS 0x0000000080300000, 0x0000000080200000| Complete 
|   3|0x0000000080300000, 0x0000000080400000, 0x0000000080400000|100%|HC|  |TAMS 0x0000000080400000, 0x0000000080300000| Complete 
|   4|0x0000000080400000, 0x0000000080500000, 0x0000000080500000|100%|HC|  |TAMS 0x0000000080500000, 0x0000000080400000| Complete 
|   5|0x0000000080500000, 0x0000000080600000, 0x0000000080600000|100%|HC|  |TAMS 0x0000000080600000, 0x0000000080500000| Complete 
|   6|0x0000000080600000, 0x0000000080700000, 0x0000000080700000|100%| O|  |TAMS 0x0000000080700000, 0x0000000080600000| Untracked 
|   7|0x0000000080700000, 0x0000000080800000, 0x0000000080800000|100%| O|  |TAMS 0x0000000080800000, 0x0000000080700000| Untracked 
|   8|0x0000000080800000, 0x0000000080900000, 0x0000000080900000|100%| O|  |TAMS 0x0000000080900000, 0x0000000080800000| Untracked 
|   9|0x0000000080900000, 0x0000000080a00000, 0x0000000080a00000|100%| O|  |TAMS 0x0000000080a00000, 0x0000000080900000| Untracked 
|  10|0x0000000080a00000, 0x0000000080b00000, 0x0000000080b00000|100%| O|  |TAMS 0x0000000080b00000, 0x0000000080a00000| Untracked 
|  11|0x0000000080b00000, 0x0000000080c00000, 0x0000000080c00000|100%| O|  |TAMS 0x0000000080c00000, 0x0000000080b00000| Untracked 
|  12|0x0000000080c00000, 0x0000000080d00000, 0x0000000080d00000|100%| O|  |TAMS 0x0000000080d00000, 0x0000000080c00000| Untracked 
|  13|0x0000000080d00000, 0x0000000080e00000, 0x0000000080e00000|100%| O|  |TAMS 0x0000000080e00000, 0x0000000080d00000| Untracked 
|  14|0x0000000080e00000, 0x0000000080f00000, 0x0000000080f00000|100%| O|  |TAMS 0x0000000080f00000, 0x0000000080e00000| Untracked 
|  15|0x0000000080f00000, 0x0000000081000000, 0x0000000081000000|100%| O|  |TAMS 0x0000000081000000, 0x0000000080f00000| Untracked 
|  16|0x0000000081000000, 0x0000000081100000, 0x0000000081100000|100%|HS|  |TAMS 0x0000000081100000, 0x0000000081000000| Complete 
|  17|0x0000000081100000, 0x0000000081200000, 0x0000000081200000|100%|HC|  |TAMS 0x0000000081200000, 0x0000000081100000| Complete 
|  18|0x0000000081200000, 0x0000000081300000, 0x0000000081300000|100%| O|  |TAMS 0x0000000081300000, 0x0000000081200000| Untracked 
|  19|0x0000000081300000, 0x0000000081400000, 0x0000000081400000|100%| O|  |TAMS 0x0000000081400000, 0x0000000081300000| Untracked 
|  20|0x0000000081400000, 0x0000000081500000, 0x0000000081500000|100%| O|  |TAMS 0x0000000081500000, 0x0000000081400000| Untracked 
|  21|0x0000000081500000, 0x0000000081600000, 0x0000000081600000|100%| O|  |TAMS 0x0000000081600000, 0x0000000081500000| Untracked 
|  22|0x0000000081600000, 0x0000000081700000, 0x0000000081700000|100%|HS|  |TAMS 0x0000000081700000, 0x0000000081600000| Complete 
|  23|0x0000000081700000, 0x0000000081800000, 0x0000000081800000|100%|HC|  |TAMS 0x0000000081800000, 0x0000000081700000| Complete 
|  24|0x0000000081800000, 0x0000000081900000, 0x0000000081900000|100%|HC|  |TAMS 0x0000000081900000, 0x0000000081800000| Complete 
|  25|0x0000000081900000, 0x0000000081a00000, 0x0000000081a00000|100%|HC|  |TAMS 0x0000000081a00000, 0x0000000081900000| Complete 
|  26|0x0000000081a00000, 0x0000000081b00000, 0x0000000081b00000|100%| O|  |TAMS 0x0000000081b00000, 0x0000000081a00000| Untracked 
|  27|0x0000000081b00000, 0x0000000081c00000, 0x0000000081c00000|100%| O|  |TAMS 0x0000000081c00000, 0x0000000081b00000| Untracked 
|  28|0x0000000081c00000, 0x0000000081d00000, 0x0000000081d00000|100%| O|  |TAMS 0x0000000081d00000, 0x0000000081c00000| Untracked 
|  29|0x0000000081d00000, 0x0000000081e00000, 0x0000000081e00000|100%| O|  |TAMS 0x0000000081e00000, 0x0000000081d00000| Untracked 
|  30|0x0000000081e00000, 0x0000000081f00000, 0x0000000081f00000|100%| O|  |TAMS 0x0000000081f00000, 0x0000000081e00000| Untracked 
|  31|0x0000000081f00000, 0x0000000082000000, 0x0000000082000000|100%| O|  |TAMS 0x0000000082000000, 0x0000000081f00000| Untracked 
|  32|0x0000000082000000, 0x0000000082100000, 0x0000000082100000|100%| O|  |TAMS 0x0000000082100000, 0x0000000082000000| Untracked 
|  33|0x0000000082100000, 0x0000000082200000, 0x0000000082200000|100%| O|  |TAMS 0x0000000082200000, 0x0000000082100000| Untracked 
|  34|0x0000000082200000, 0x0000000082300000, 0x0000000082300000|100%| O|  |TAMS 0x0000000082300000, 0x0000000082200000| Untracked 
|  35|0x0000000082300000, 0x0000000082400000, 0x0000000082400000|100%|HS|  |TAMS 0x0000000082300000, 0x0000000082300000| Complete 
|  36|0x0000000082400000, 0x0000000082500000, 0x0000000082500000|100%|HS|  |TAMS 0x0000000082400000, 0x0000000082400000| Complete 
|  37|0x0000000082500000, 0x0000000082600000, 0x0000000082600000|100%|HS|  |TAMS 0x0000000082500000, 0x0000000082500000| Complete 
|  38|0x0000000082600000, 0x0000000082700000, 0x0000000082700000|100%| O|  |TAMS 0x0000000082600000, 0x0000000082600000| Untracked 
|  39|0x0000000082700000, 0x0000000082800000, 0x0000000082800000|100%| O|  |TAMS 0x0000000082700000, 0x0000000082700000| Untracked 
|  40|0x0000000082800000, 0x0000000082900000, 0x0000000082900000|100%| O|  |TAMS 0x0000000082800000, 0x0000000082800000| Untracked 
|  41|0x0000000082900000, 0x0000000082a00000, 0x0000000082a00000|100%| O|  |TAMS 0x0000000082900000, 0x0000000082900000| Untracked 
|  42|0x0000000082a00000, 0x0000000082b00000, 0x0000000082b00000|100%| O|  |TAMS 0x0000000082a00000, 0x0000000082a00000| Untracked 
|  43|0x0000000082b00000, 0x0000000082c00000, 0x0000000082c00000|100%| O|  |TAMS 0x0000000082b00000, 0x0000000082b00000| Untracked 
|  44|0x0000000082c00000, 0x0000000082c5c400, 0x0000000082d00000| 36%| O|  |TAMS 0x0000000082c00000, 0x0000000082c00000| Untracked 
|  45|0x0000000082d00000, 0x0000000082e00000, 0x0000000082e00000|100%|HS|  |TAMS 0x0000000082d00000, 0x0000000082d00000| Complete 
|  46|0x0000000082e00000, 0x0000000082f00000, 0x0000000082f00000|100%|HS|  |TAMS 0x0000000082e00000, 0x0000000082e00000| Complete 
|  47|0x0000000082f00000, 0x0000000083000000, 0x0000000083000000|100%|HS|  |TAMS 0x0000000082f00000, 0x0000000082f00000| Complete 
|  48|0x0000000083000000, 0x0000000083100000, 0x0000000083100000|100%|HS|  |TAMS 0x0000000083000000, 0x0000000083000000| Complete 
|  49|0x0000000083100000, 0x0000000083200000, 0x0000000083200000|100%|HS|  |TAMS 0x0000000083100000, 0x0000000083100000| Complete 
|  50|0x0000000083200000, 0x0000000083300000, 0x0000000083300000|100%|HS|  |TAMS 0x0000000083200000, 0x0000000083200000| Complete 
|  51|0x0000000083300000, 0x0000000083300000, 0x0000000083400000|  0%| F|  |TAMS 0x0000000083300000, 0x0000000083300000| Untracked 
|  52|0x0000000083400000, 0x0000000083400000, 0x0000000083500000|  0%| F|  |TAMS 0x0000000083400000, 0x0000000083400000| Untracked 
|  53|0x0000000083500000, 0x0000000083500000, 0x0000000083600000|  0%| F|  |TAMS 0x0000000083500000, 0x0000000083500000| Untracked 
|  54|0x0000000083600000, 0x0000000083600000, 0x0000000083700000|  0%| F|  |TAMS 0x0000000083600000, 0x0000000083600000| Untracked 
|  55|0x0000000083700000, 0x0000000083700000, 0x0000000083800000|  0%| F|  |TAMS 0x0000000083700000, 0x0000000083700000| Untracked 
|  56|0x0000000083800000, 0x0000000083800000, 0x0000000083900000|  0%| F|  |TAMS 0x0000000083800000, 0x0000000083800000| Untracked 
|  57|0x0000000083900000, 0x0000000083900000, 0x0000000083a00000|  0%| F|  |TAMS 0x0000000083900000, 0x0000000083900000| Untracked 
|  58|0x0000000083a00000, 0x0000000083a00000, 0x0000000083b00000|  0%| F|  |TAMS 0x0000000083a00000, 0x0000000083a00000| Untracked 
|  59|0x0000000083b00000, 0x0000000083b00000, 0x0000000083c00000|  0%| F|  |TAMS 0x0000000083b00000, 0x0000000083b00000| Untracked 
|  60|0x0000000083c00000, 0x0000000083c00000, 0x0000000083d00000|  0%| F|  |TAMS 0x0000000083c00000, 0x0000000083c00000| Untracked 
|  61|0x0000000083d00000, 0x0000000083d00000, 0x0000000083e00000|  0%| F|  |TAMS 0x0000000083d00000, 0x0000000083d00000| Untracked 
|  62|0x0000000083e00000, 0x0000000083e00000, 0x0000000083f00000|  0%| F|  |TAMS 0x0000000083e00000, 0x0000000083e00000| Untracked 
|  63|0x0000000083f00000, 0x0000000083f00000, 0x0000000084000000|  0%| F|  |TAMS 0x0000000083f00000, 0x0000000083f00000| Untracked 
|  64|0x0000000084000000, 0x0000000084000000, 0x0000000084100000|  0%| F|  |TAMS 0x0000000084000000, 0x0000000084000000| Untracked 
|  65|0x0000000084100000, 0x0000000084100000, 0x0000000084200000|  0%| F|  |TAMS 0x0000000084100000, 0x0000000084100000| Untracked 
|  66|0x0000000084200000, 0x0000000084200000, 0x0000000084300000|  0%| F|  |TAMS 0x0000000084200000, 0x0000000084200000| Untracked 
|  67|0x0000000084300000, 0x0000000084300000, 0x0000000084400000|  0%| F|  |TAMS 0x0000000084300000, 0x0000000084300000| Untracked 
|  68|0x0000000084400000, 0x0000000084400000, 0x0000000084500000|  0%| F|  |TAMS 0x0000000084400000, 0x0000000084400000| Untracked 
|  69|0x0000000084500000, 0x0000000084500000, 0x0000000084600000|  0%| F|  |TAMS 0x0000000084500000, 0x0000000084500000| Untracked 
|  70|0x0000000084600000, 0x0000000084600000, 0x0000000084700000|  0%| F|  |TAMS 0x0000000084600000, 0x0000000084600000| Untracked 
|  71|0x0000000084700000, 0x0000000084700000, 0x0000000084800000|  0%| F|  |TAMS 0x0000000084700000, 0x0000000084700000| Untracked 
|  72|0x0000000084800000, 0x0000000084800000, 0x0000000084900000|  0%| F|  |TAMS 0x0000000084800000, 0x0000000084800000| Untracked 
|  73|0x0000000084900000, 0x0000000084900000, 0x0000000084a00000|  0%| F|  |TAMS 0x0000000084900000, 0x0000000084900000| Untracked 
|  74|0x0000000084a00000, 0x0000000084a00000, 0x0000000084b00000|  0%| F|  |TAMS 0x0000000084a00000, 0x0000000084a00000| Untracked 
|  75|0x0000000084b00000, 0x0000000084b00000, 0x0000000084c00000|  0%| F|  |TAMS 0x0000000084b00000, 0x0000000084b00000| Untracked 
|  76|0x0000000084c00000, 0x0000000084c00000, 0x0000000084d00000|  0%| F|  |TAMS 0x0000000084c00000, 0x0000000084c00000| Untracked 
|  77|0x0000000084d00000, 0x0000000084d00000, 0x0000000084e00000|  0%| F|  |TAMS 0x0000000084d00000, 0x0000000084d00000| Untracked 
|  78|0x0000000084e00000, 0x0000000084e00000, 0x0000000084f00000|  0%| F|  |TAMS 0x0000000084e00000, 0x0000000084e00000| Untracked 
|  79|0x0000000084f00000, 0x0000000084f00000, 0x0000000085000000|  0%| F|  |TAMS 0x0000000084f00000, 0x0000000084f00000| Untracked 
|  80|0x0000000085000000, 0x0000000085000000, 0x0000000085100000|  0%| F|  |TAMS 0x0000000085000000, 0x0000000085000000| Untracked 
|  81|0x0000000085100000, 0x0000000085100000, 0x0000000085200000|  0%| F|  |TAMS 0x0000000085100000, 0x0000000085100000| Untracked 
|  82|0x0000000085200000, 0x0000000085200000, 0x0000000085300000|  0%| F|  |TAMS 0x0000000085200000, 0x0000000085200000| Untracked 
|  83|0x0000000085300000, 0x0000000085400000, 0x0000000085400000|100%| S|CS|TAMS 0x0000000085300000, 0x0000000085300000| Complete 
|  84|0x0000000085400000, 0x0000000085500000, 0x0000000085500000|100%| S|CS|TAMS 0x0000000085400000, 0x0000000085400000| Complete 
|  85|0x0000000085500000, 0x0000000085600000, 0x0000000085600000|100%| S|CS|TAMS 0x0000000085500000, 0x0000000085500000| Complete 
|  86|0x0000000085600000, 0x0000000085700000, 0x0000000085700000|100%| S|CS|TAMS 0x0000000085600000, 0x0000000085600000| Complete 
|  87|0x0000000085700000, 0x0000000085800000, 0x0000000085800000|100%| S|CS|TAMS 0x0000000085700000, 0x0000000085700000| Complete 
|  88|0x0000000085800000, 0x0000000085900000, 0x0000000085900000|100%| S|CS|TAMS 0x0000000085800000, 0x0000000085800000| Complete 
|  89|0x0000000085900000, 0x0000000085a00000, 0x0000000085a00000|100%| S|CS|TAMS 0x0000000085900000, 0x0000000085900000| Complete 
|  90|0x0000000085a00000, 0x0000000085b00000, 0x0000000085b00000|100%| S|CS|TAMS 0x0000000085a00000, 0x0000000085a00000| Complete 
|  91|0x0000000085b00000, 0x0000000085c00000, 0x0000000085c00000|100%| S|CS|TAMS 0x0000000085b00000, 0x0000000085b00000| Complete 
|  92|0x0000000085c00000, 0x0000000085d00000, 0x0000000085d00000|100%| S|CS|TAMS 0x0000000085c00000, 0x0000000085c00000| Complete 
|  93|0x0000000085d00000, 0x0000000085e00000, 0x0000000085e00000|100%| S|CS|TAMS 0x0000000085d00000, 0x0000000085d00000| Complete 
|  94|0x0000000085e00000, 0x0000000085e00000, 0x0000000085f00000|  0%| F|  |TAMS 0x0000000085e00000, 0x0000000085e00000| Untracked 
|  95|0x0000000085f00000, 0x0000000085f00000, 0x0000000086000000|  0%| F|  |TAMS 0x0000000085f00000, 0x0000000085f00000| Untracked 
|  96|0x0000000086000000, 0x0000000086000000, 0x0000000086100000|  0%| F|  |TAMS 0x0000000086000000, 0x0000000086000000| Untracked 
|  97|0x0000000086100000, 0x0000000086100000, 0x0000000086200000|  0%| F|  |TAMS 0x0000000086100000, 0x0000000086100000| Untracked 
|  98|0x0000000086200000, 0x0000000086200000, 0x0000000086300000|  0%| F|  |TAMS 0x0000000086200000, 0x0000000086200000| Untracked 
|  99|0x0000000086300000, 0x0000000086300000, 0x0000000086400000|  0%| F|  |TAMS 0x0000000086300000, 0x0000000086300000| Untracked 
| 100|0x0000000086400000, 0x0000000086400000, 0x0000000086500000|  0%| F|  |TAMS 0x0000000086400000, 0x0000000086400000| Untracked 
| 101|0x0000000086500000, 0x0000000086500000, 0x0000000086600000|  0%| F|  |TAMS 0x0000000086500000, 0x0000000086500000| Untracked 
| 102|0x0000000086600000, 0x0000000086600000, 0x0000000086700000|  0%| F|  |TAMS 0x0000000086600000, 0x0000000086600000| Untracked 
| 103|0x0000000086700000, 0x0000000086700000, 0x0000000086800000|  0%| F|  |TAMS 0x0000000086700000, 0x0000000086700000| Untracked 
| 104|0x0000000086800000, 0x0000000086800000, 0x0000000086900000|  0%| F|  |TAMS 0x0000000086800000, 0x0000000086800000| Untracked 
| 105|0x0000000086900000, 0x0000000086900000, 0x0000000086a00000|  0%| F|  |TAMS 0x0000000086900000, 0x0000000086900000| Untracked 
| 106|0x0000000086a00000, 0x0000000086a00000, 0x0000000086b00000|  0%| F|  |TAMS 0x0000000086a00000, 0x0000000086a00000| Untracked 
| 107|0x0000000086b00000, 0x0000000086b00000, 0x0000000086c00000|  0%| F|  |TAMS 0x0000000086b00000, 0x0000000086b00000| Untracked 
| 108|0x0000000086c00000, 0x0000000086d00000, 0x0000000086d00000|100%| S|CS|TAMS 0x0000000086c00000, 0x0000000086c00000| Complete 
| 109|0x0000000086d00000, 0x0000000086e00000, 0x0000000086e00000|100%| S|CS|TAMS 0x0000000086d00000, 0x0000000086d00000| Complete 
| 110|0x0000000086e00000, 0x0000000086f00000, 0x0000000086f00000|100%| S|CS|TAMS 0x0000000086e00000, 0x0000000086e00000| Complete 
| 111|0x0000000086f00000, 0x0000000087000000, 0x0000000087000000|100%| S|CS|TAMS 0x0000000086f00000, 0x0000000086f00000| Complete 
| 112|0x0000000087000000, 0x0000000087100000, 0x0000000087100000|100%| S|CS|TAMS 0x0000000087000000, 0x0000000087000000| Complete 
| 113|0x0000000087100000, 0x0000000087200000, 0x0000000087200000|100%| S|CS|TAMS 0x0000000087100000, 0x0000000087100000| Complete 
| 114|0x0000000087200000, 0x0000000087300000, 0x0000000087300000|100%| S|CS|TAMS 0x0000000087200000, 0x0000000087200000| Complete 
| 115|0x0000000087300000, 0x0000000087400000, 0x0000000087400000|100%| S|CS|TAMS 0x0000000087300000, 0x0000000087300000| Complete 
| 116|0x0000000087400000, 0x0000000087500000, 0x0000000087500000|100%| S|CS|TAMS 0x0000000087400000, 0x0000000087400000| Complete 
| 117|0x0000000087500000, 0x0000000087500000, 0x0000000087600000|  0%| F|  |TAMS 0x0000000087500000, 0x0000000087500000| Untracked 
| 118|0x0000000087600000, 0x0000000087600000, 0x0000000087700000|  0%| F|  |TAMS 0x0000000087600000, 0x0000000087600000| Untracked 
| 119|0x0000000087700000, 0x0000000087700000, 0x0000000087800000|  0%| F|  |TAMS 0x0000000087700000, 0x0000000087700000| Untracked 
| 120|0x0000000087800000, 0x0000000087800000, 0x0000000087900000|  0%| F|  |TAMS 0x0000000087800000, 0x0000000087800000| Untracked 
| 121|0x0000000087900000, 0x0000000087900000, 0x0000000087a00000|  0%| F|  |TAMS 0x0000000087900000, 0x0000000087900000| Untracked 
| 122|0x0000000087a00000, 0x0000000087a00000, 0x0000000087b00000|  0%| F|  |TAMS 0x0000000087a00000, 0x0000000087a00000| Untracked 
| 123|0x0000000087b00000, 0x0000000087b00000, 0x0000000087c00000|  0%| F|  |TAMS 0x0000000087b00000, 0x0000000087b00000| Untracked 
| 124|0x0000000087c00000, 0x0000000087c00000, 0x0000000087d00000|  0%| F|  |TAMS 0x0000000087c00000, 0x0000000087c00000| Untracked 
| 125|0x0000000087d00000, 0x0000000087d00000, 0x0000000087e00000|  0%| F|  |TAMS 0x0000000087d00000, 0x0000000087d00000| Untracked 
| 126|0x0000000087e00000, 0x0000000087e00000, 0x0000000087f00000|  0%| F|  |TAMS 0x0000000087e00000, 0x0000000087e00000| Untracked 
| 127|0x0000000087f00000, 0x0000000087f00000, 0x0000000088000000|  0%| F|  |TAMS 0x0000000087f00000, 0x0000000087f00000| Untracked 
| 128|0x0000000088000000, 0x0000000088000000, 0x0000000088100000|  0%| F|  |TAMS 0x0000000088000000, 0x0000000088000000| Untracked 
| 129|0x0000000088100000, 0x0000000088100000, 0x0000000088200000|  0%| F|  |TAMS 0x0000000088100000, 0x0000000088100000| Untracked 
| 130|0x0000000088200000, 0x0000000088200000, 0x0000000088300000|  0%| F|  |TAMS 0x0000000088200000, 0x0000000088200000| Untracked 
| 131|0x0000000088300000, 0x0000000088300000, 0x0000000088400000|  0%| F|  |TAMS 0x0000000088300000, 0x0000000088300000| Untracked 
| 132|0x0000000088400000, 0x0000000088400000, 0x0000000088500000|  0%| F|  |TAMS 0x0000000088400000, 0x0000000088400000| Untracked 
| 133|0x0000000088500000, 0x0000000088500000, 0x0000000088600000|  0%| F|  |TAMS 0x0000000088500000, 0x0000000088500000| Untracked 
| 134|0x0000000088600000, 0x0000000088600000, 0x0000000088700000|  0%| F|  |TAMS 0x0000000088600000, 0x0000000088600000| Untracked 
| 135|0x0000000088700000, 0x0000000088700000, 0x0000000088800000|  0%| F|  |TAMS 0x0000000088700000, 0x0000000088700000| Untracked 
| 136|0x0000000088800000, 0x0000000088800000, 0x0000000088900000|  0%| F|  |TAMS 0x0000000088800000, 0x0000000088800000| Untracked 
| 137|0x0000000088900000, 0x0000000088900000, 0x0000000088a00000|  0%| F|  |TAMS 0x0000000088900000, 0x0000000088900000| Untracked 
| 138|0x0000000088a00000, 0x0000000088a00000, 0x0000000088b00000|  0%| F|  |TAMS 0x0000000088a00000, 0x0000000088a00000| Untracked 
| 139|0x0000000088b00000, 0x0000000088b00000, 0x0000000088c00000|  0%| F|  |TAMS 0x0000000088b00000, 0x0000000088b00000| Untracked 
| 140|0x0000000088c00000, 0x0000000088c00000, 0x0000000088d00000|  0%| F|  |TAMS 0x0000000088c00000, 0x0000000088c00000| Untracked 
| 141|0x0000000088d00000, 0x0000000088d00000, 0x0000000088e00000|  0%| F|  |TAMS 0x0000000088d00000, 0x0000000088d00000| Untracked 
| 142|0x0000000088e00000, 0x0000000088e00000, 0x0000000088f00000|  0%| F|  |TAMS 0x0000000088e00000, 0x0000000088e00000| Untracked 
| 143|0x0000000088f00000, 0x0000000088f00000, 0x0000000089000000|  0%| F|  |TAMS 0x0000000088f00000, 0x0000000088f00000| Untracked 
| 144|0x0000000089000000, 0x0000000089000000, 0x0000000089100000|  0%| F|  |TAMS 0x0000000089000000, 0x0000000089000000| Untracked 
| 145|0x0000000089100000, 0x0000000089100000, 0x0000000089200000|  0%| F|  |TAMS 0x0000000089100000, 0x0000000089100000| Untracked 
| 146|0x0000000089200000, 0x0000000089200000, 0x0000000089300000|  0%| F|  |TAMS 0x0000000089200000, 0x0000000089200000| Untracked 
| 147|0x0000000089300000, 0x0000000089300000, 0x0000000089400000|  0%| F|  |TAMS 0x0000000089300000, 0x0000000089300000| Untracked 
| 148|0x0000000089400000, 0x0000000089400000, 0x0000000089500000|  0%| F|  |TAMS 0x0000000089400000, 0x0000000089400000| Untracked 
| 149|0x0000000089500000, 0x0000000089500000, 0x0000000089600000|  0%| F|  |TAMS 0x0000000089500000, 0x0000000089500000| Untracked 
| 150|0x0000000089600000, 0x0000000089600000, 0x0000000089700000|  0%| F|  |TAMS 0x0000000089600000, 0x0000000089600000| Untracked 
| 151|0x0000000089700000, 0x0000000089700000, 0x0000000089800000|  0%| F|  |TAMS 0x0000000089700000, 0x0000000089700000| Untracked 
| 152|0x0000000089800000, 0x0000000089800000, 0x0000000089900000|  0%| F|  |TAMS 0x0000000089800000, 0x0000000089800000| Untracked 
| 153|0x0000000089900000, 0x0000000089900000, 0x0000000089a00000|  0%| F|  |TAMS 0x0000000089900000, 0x0000000089900000| Untracked 
| 154|0x0000000089a00000, 0x0000000089a00000, 0x0000000089b00000|  0%| F|  |TAMS 0x0000000089a00000, 0x0000000089a00000| Untracked 
| 155|0x0000000089b00000, 0x0000000089b00000, 0x0000000089c00000|  0%| F|  |TAMS 0x0000000089b00000, 0x0000000089b00000| Untracked 
| 156|0x0000000089c00000, 0x0000000089c00000, 0x0000000089d00000|  0%| F|  |TAMS 0x0000000089c00000, 0x0000000089c00000| Untracked 
| 157|0x0000000089d00000, 0x0000000089d00000, 0x0000000089e00000|  0%| F|  |TAMS 0x0000000089d00000, 0x0000000089d00000| Untracked 
| 158|0x0000000089e00000, 0x0000000089e00000, 0x0000000089f00000|  0%| F|  |TAMS 0x0000000089e00000, 0x0000000089e00000| Untracked 
| 159|0x0000000089f00000, 0x0000000089f00000, 0x000000008a000000|  0%| F|  |TAMS 0x0000000089f00000, 0x0000000089f00000| Untracked 
| 160|0x000000008a000000, 0x000000008a000000, 0x000000008a100000|  0%| F|  |TAMS 0x000000008a000000, 0x000000008a000000| Untracked 
| 161|0x000000008a100000, 0x000000008a100000, 0x000000008a200000|  0%| F|  |TAMS 0x000000008a100000, 0x000000008a100000| Untracked 
| 162|0x000000008a200000, 0x000000008a200000, 0x000000008a300000|  0%| F|  |TAMS 0x000000008a200000, 0x000000008a200000| Untracked 
| 163|0x000000008a300000, 0x000000008a300000, 0x000000008a400000|  0%| F|  |TAMS 0x000000008a300000, 0x000000008a300000| Untracked 
| 164|0x000000008a400000, 0x000000008a400000, 0x000000008a500000|  0%| F|  |TAMS 0x000000008a400000, 0x000000008a400000| Untracked 
| 165|0x000000008a500000, 0x000000008a500000, 0x000000008a600000|  0%| F|  |TAMS 0x000000008a500000, 0x000000008a500000| Untracked 
| 166|0x000000008a600000, 0x000000008a600000, 0x000000008a700000|  0%| F|  |TAMS 0x000000008a600000, 0x000000008a600000| Untracked 
| 167|0x000000008a700000, 0x000000008a700000, 0x000000008a800000|  0%| F|  |TAMS 0x000000008a700000, 0x000000008a700000| Untracked 
| 168|0x000000008a800000, 0x000000008a800000, 0x000000008a900000|  0%| F|  |TAMS 0x000000008a800000, 0x000000008a800000| Untracked 
| 169|0x000000008a900000, 0x000000008a900000, 0x000000008aa00000|  0%| F|  |TAMS 0x000000008a900000, 0x000000008a900000| Untracked 
| 170|0x000000008aa00000, 0x000000008aa00000, 0x000000008ab00000|  0%| F|  |TAMS 0x000000008aa00000, 0x000000008aa00000| Untracked 
| 171|0x000000008ab00000, 0x000000008ab00000, 0x000000008ac00000|  0%| F|  |TAMS 0x000000008ab00000, 0x000000008ab00000| Untracked 
| 172|0x000000008ac00000, 0x000000008ac00000, 0x000000008ad00000|  0%| F|  |TAMS 0x000000008ac00000, 0x000000008ac00000| Untracked 
| 173|0x000000008ad00000, 0x000000008ad00000, 0x000000008ae00000|  0%| F|  |TAMS 0x000000008ad00000, 0x000000008ad00000| Untracked 
| 174|0x000000008ae00000, 0x000000008ae00000, 0x000000008af00000|  0%| F|  |TAMS 0x000000008ae00000, 0x000000008ae00000| Untracked 
| 175|0x000000008af00000, 0x000000008af00000, 0x000000008b000000|  0%| F|  |TAMS 0x000000008af00000, 0x000000008af00000| Untracked 
| 176|0x000000008b000000, 0x000000008b000000, 0x000000008b100000|  0%| F|  |TAMS 0x000000008b000000, 0x000000008b000000| Untracked 
| 177|0x000000008b100000, 0x000000008b100000, 0x000000008b200000|  0%| F|  |TAMS 0x000000008b100000, 0x000000008b100000| Untracked 
| 178|0x000000008b200000, 0x000000008b200000, 0x000000008b300000|  0%| F|  |TAMS 0x000000008b200000, 0x000000008b200000| Untracked 
| 179|0x000000008b300000, 0x000000008b300000, 0x000000008b400000|  0%| F|  |TAMS 0x000000008b300000, 0x000000008b300000| Untracked 
| 180|0x000000008b400000, 0x000000008b400000, 0x000000008b500000|  0%| F|  |TAMS 0x000000008b400000, 0x000000008b400000| Untracked 
| 181|0x000000008b500000, 0x000000008b500000, 0x000000008b600000|  0%| F|  |TAMS 0x000000008b500000, 0x000000008b500000| Untracked 
| 182|0x000000008b600000, 0x000000008b600000, 0x000000008b700000|  0%| F|  |TAMS 0x000000008b600000, 0x000000008b600000| Untracked 
| 183|0x000000008b700000, 0x000000008b700000, 0x000000008b800000|  0%| F|  |TAMS 0x000000008b700000, 0x000000008b700000| Untracked 
| 184|0x000000008b800000, 0x000000008b800000, 0x000000008b900000|  0%| F|  |TAMS 0x000000008b800000, 0x000000008b800000| Untracked 
| 185|0x000000008b900000, 0x000000008b900000, 0x000000008ba00000|  0%| F|  |TAMS 0x000000008b900000, 0x000000008b900000| Untracked 
| 186|0x000000008ba00000, 0x000000008ba00000, 0x000000008bb00000|  0%| F|  |TAMS 0x000000008ba00000, 0x000000008ba00000| Untracked 
| 187|0x000000008bb00000, 0x000000008bb00000, 0x000000008bc00000|  0%| F|  |TAMS 0x000000008bb00000, 0x000000008bb00000| Untracked 
| 188|0x000000008bc00000, 0x000000008bc00000, 0x000000008bd00000|  0%| F|  |TAMS 0x000000008bc00000, 0x000000008bc00000| Untracked 
| 189|0x000000008bd00000, 0x000000008bd00000, 0x000000008be00000|  0%| F|  |TAMS 0x000000008bd00000, 0x000000008bd00000| Untracked 
| 190|0x000000008be00000, 0x000000008be00000, 0x000000008bf00000|  0%| F|  |TAMS 0x000000008be00000, 0x000000008be00000| Untracked 
| 191|0x000000008bf00000, 0x000000008bf00000, 0x000000008c000000|  0%| F|  |TAMS 0x000000008bf00000, 0x000000008bf00000| Untracked 
| 192|0x000000008c000000, 0x000000008c000000, 0x000000008c100000|  0%| F|  |TAMS 0x000000008c000000, 0x000000008c000000| Untracked 
| 193|0x000000008c100000, 0x000000008c100000, 0x000000008c200000|  0%| F|  |TAMS 0x000000008c100000, 0x000000008c100000| Untracked 
| 194|0x000000008c200000, 0x000000008c200000, 0x000000008c300000|  0%| F|  |TAMS 0x000000008c200000, 0x000000008c200000| Untracked 
| 195|0x000000008c300000, 0x000000008c300000, 0x000000008c400000|  0%| F|  |TAMS 0x000000008c300000, 0x000000008c300000| Untracked 
| 196|0x000000008c400000, 0x000000008c400000, 0x000000008c500000|  0%| F|  |TAMS 0x000000008c400000, 0x000000008c400000| Untracked 
| 197|0x000000008c500000, 0x000000008c500000, 0x000000008c600000|  0%| F|  |TAMS 0x000000008c500000, 0x000000008c500000| Untracked 
| 198|0x000000008c600000, 0x000000008c600000, 0x000000008c700000|  0%| F|  |TAMS 0x000000008c600000, 0x000000008c600000| Untracked 
| 199|0x000000008c700000, 0x000000008c700000, 0x000000008c800000|  0%| F|  |TAMS 0x000000008c700000, 0x000000008c700000| Untracked 
| 200|0x000000008c800000, 0x000000008c800000, 0x000000008c900000|  0%| F|  |TAMS 0x000000008c800000, 0x000000008c800000| Untracked 
| 201|0x000000008c900000, 0x000000008c900000, 0x000000008ca00000|  0%| F|  |TAMS 0x000000008c900000, 0x000000008c900000| Untracked 
| 202|0x000000008ca00000, 0x000000008ca00000, 0x000000008cb00000|  0%| F|  |TAMS 0x000000008ca00000, 0x000000008ca00000| Untracked 
| 203|0x000000008cb00000, 0x000000008cb00000, 0x000000008cc00000|  0%| F|  |TAMS 0x000000008cb00000, 0x000000008cb00000| Untracked 
| 204|0x000000008cc00000, 0x000000008cc00000, 0x000000008cd00000|  0%| F|  |TAMS 0x000000008cc00000, 0x000000008cc00000| Untracked 
| 205|0x000000008cd00000, 0x000000008cd00000, 0x000000008ce00000|  0%| F|  |TAMS 0x000000008cd00000, 0x000000008cd00000| Untracked 
| 206|0x000000008ce00000, 0x000000008ce00000, 0x000000008cf00000|  0%| F|  |TAMS 0x000000008ce00000, 0x000000008ce00000| Untracked 
| 207|0x000000008cf00000, 0x000000008cf00000, 0x000000008d000000|  0%| F|  |TAMS 0x000000008cf00000, 0x000000008cf00000| Untracked 
| 208|0x000000008d000000, 0x000000008d000000, 0x000000008d100000|  0%| F|  |TAMS 0x000000008d000000, 0x000000008d000000| Untracked 
| 209|0x000000008d100000, 0x000000008d100000, 0x000000008d200000|  0%| F|  |TAMS 0x000000008d100000, 0x000000008d100000| Untracked 
| 210|0x000000008d200000, 0x000000008d200000, 0x000000008d300000|  0%| F|  |TAMS 0x000000008d200000, 0x000000008d200000| Untracked 
| 211|0x000000008d300000, 0x000000008d300000, 0x000000008d400000|  0%| F|  |TAMS 0x000000008d300000, 0x000000008d300000| Untracked 
| 212|0x000000008d400000, 0x000000008d400000, 0x000000008d500000|  0%| F|  |TAMS 0x000000008d400000, 0x000000008d400000| Untracked 
| 213|0x000000008d500000, 0x000000008d500000, 0x000000008d600000|  0%| F|  |TAMS 0x000000008d500000, 0x000000008d500000| Untracked 
| 214|0x000000008d600000, 0x000000008d600000, 0x000000008d700000|  0%| F|  |TAMS 0x000000008d600000, 0x000000008d600000| Untracked 
| 215|0x000000008d700000, 0x000000008d700000, 0x000000008d800000|  0%| F|  |TAMS 0x000000008d700000, 0x000000008d700000| Untracked 
| 216|0x000000008d800000, 0x000000008d800000, 0x000000008d900000|  0%| F|  |TAMS 0x000000008d800000, 0x000000008d800000| Untracked 
| 217|0x000000008d900000, 0x000000008d900000, 0x000000008da00000|  0%| F|  |TAMS 0x000000008d900000, 0x000000008d900000| Untracked 
| 218|0x000000008da00000, 0x000000008da00000, 0x000000008db00000|  0%| F|  |TAMS 0x000000008da00000, 0x000000008da00000| Untracked 
| 219|0x000000008db00000, 0x000000008db00000, 0x000000008dc00000|  0%| F|  |TAMS 0x000000008db00000, 0x000000008db00000| Untracked 
| 220|0x000000008dc00000, 0x000000008dc00000, 0x000000008dd00000|  0%| F|  |TAMS 0x000000008dc00000, 0x000000008dc00000| Untracked 
| 221|0x000000008dd00000, 0x000000008dd00000, 0x000000008de00000|  0%| F|  |TAMS 0x000000008dd00000, 0x000000008dd00000| Untracked 
| 222|0x000000008de00000, 0x000000008de00000, 0x000000008df00000|  0%| F|  |TAMS 0x000000008de00000, 0x000000008de00000| Untracked 
| 223|0x000000008df00000, 0x000000008df00000, 0x000000008e000000|  0%| F|  |TAMS 0x000000008df00000, 0x000000008df00000| Untracked 
| 224|0x000000008e000000, 0x000000008e000000, 0x000000008e100000|  0%| F|  |TAMS 0x000000008e000000, 0x000000008e000000| Untracked 
| 225|0x000000008e100000, 0x000000008e180800, 0x000000008e200000| 50%| E|  |TAMS 0x000000008e100000, 0x000000008e100000| Complete 
| 226|0x000000008e200000, 0x000000008e300000, 0x000000008e300000|100%| E|CS|TAMS 0x000000008e200000, 0x000000008e200000| Complete 
| 227|0x000000008e300000, 0x000000008e400000, 0x000000008e400000|100%| E|CS|TAMS 0x000000008e300000, 0x000000008e300000| Complete 
| 228|0x000000008e400000, 0x000000008e500000, 0x000000008e500000|100%| E|CS|TAMS 0x000000008e400000, 0x000000008e400000| Complete 
| 229|0x000000008e500000, 0x000000008e600000, 0x000000008e600000|100%| E|CS|TAMS 0x000000008e500000, 0x000000008e500000| Complete 
| 230|0x000000008e600000, 0x000000008e700000, 0x000000008e700000|100%| E|CS|TAMS 0x000000008e600000, 0x000000008e600000| Complete 
| 231|0x000000008e700000, 0x000000008e800000, 0x000000008e800000|100%| E|CS|TAMS 0x000000008e700000, 0x000000008e700000| Complete 
| 232|0x000000008e800000, 0x000000008e900000, 0x000000008e900000|100%| E|CS|TAMS 0x000000008e800000, 0x000000008e800000| Complete 
| 233|0x000000008e900000, 0x000000008ea00000, 0x000000008ea00000|100%| E|CS|TAMS 0x000000008e900000, 0x000000008e900000| Complete 
| 234|0x000000008ea00000, 0x000000008eb00000, 0x000000008eb00000|100%| E|CS|TAMS 0x000000008ea00000, 0x000000008ea00000| Complete 
| 235|0x000000008eb00000, 0x000000008ec00000, 0x000000008ec00000|100%| E|CS|TAMS 0x000000008eb00000, 0x000000008eb00000| Complete 
| 236|0x000000008ec00000, 0x000000008ed00000, 0x000000008ed00000|100%| E|CS|TAMS 0x000000008ec00000, 0x000000008ec00000| Complete 
| 237|0x000000008ed00000, 0x000000008ee00000, 0x000000008ee00000|100%| E|CS|TAMS 0x000000008ed00000, 0x000000008ed00000| Complete 
| 238|0x000000008ee00000, 0x000000008ef00000, 0x000000008ef00000|100%| E|CS|TAMS 0x000000008ee00000, 0x000000008ee00000| Complete 
| 239|0x000000008ef00000, 0x000000008f000000, 0x000000008f000000|100%| E|CS|TAMS 0x000000008ef00000, 0x000000008ef00000| Complete 
| 240|0x000000008f000000, 0x000000008f100000, 0x000000008f100000|100%| E|CS|TAMS 0x000000008f000000, 0x000000008f000000| Complete 
| 241|0x000000008f100000, 0x000000008f200000, 0x000000008f200000|100%| E|CS|TAMS 0x000000008f100000, 0x000000008f100000| Complete 
| 242|0x000000008f200000, 0x000000008f300000, 0x000000008f300000|100%| E|CS|TAMS 0x000000008f200000, 0x000000008f200000| Complete 
| 243|0x000000008f300000, 0x000000008f400000, 0x000000008f400000|100%| E|CS|TAMS 0x000000008f300000, 0x000000008f300000| Complete 
| 244|0x000000008f400000, 0x000000008f500000, 0x000000008f500000|100%| E|CS|TAMS 0x000000008f400000, 0x000000008f400000| Complete 
| 245|0x000000008f500000, 0x000000008f600000, 0x000000008f600000|100%| E|CS|TAMS 0x000000008f500000, 0x000000008f500000| Complete 
| 246|0x000000008f600000, 0x000000008f700000, 0x000000008f700000|100%| E|CS|TAMS 0x000000008f600000, 0x000000008f600000| Complete 
| 247|0x000000008f700000, 0x000000008f800000, 0x000000008f800000|100%| E|CS|TAMS 0x000000008f700000, 0x000000008f700000| Complete 
| 248|0x000000008f800000, 0x000000008f900000, 0x000000008f900000|100%| E|CS|TAMS 0x000000008f800000, 0x000000008f800000| Complete 
| 249|0x000000008f900000, 0x000000008fa00000, 0x000000008fa00000|100%| E|CS|TAMS 0x000000008f900000, 0x000000008f900000| Complete 
| 250|0x000000008fa00000, 0x000000008fb00000, 0x000000008fb00000|100%| E|CS|TAMS 0x000000008fa00000, 0x000000008fa00000| Complete 
| 251|0x000000008fb00000, 0x000000008fc00000, 0x000000008fc00000|100%| E|CS|TAMS 0x000000008fb00000, 0x000000008fb00000| Complete 
| 252|0x000000008fc00000, 0x000000008fd00000, 0x000000008fd00000|100%| E|CS|TAMS 0x000000008fc00000, 0x000000008fc00000| Complete 
| 253|0x000000008fd00000, 0x000000008fe00000, 0x000000008fe00000|100%| E|CS|TAMS 0x000000008fd00000, 0x000000008fd00000| Complete 
| 254|0x000000008fe00000, 0x000000008ff00000, 0x000000008ff00000|100%| E|CS|TAMS 0x000000008fe00000, 0x000000008fe00000| Complete 
| 255|0x000000008ff00000, 0x0000000090000000, 0x0000000090000000|100%| E|CS|TAMS 0x000000008ff00000, 0x000000008ff00000| Complete 

Card table byte_map: [0x000002e39f2a0000,0x000002e39f6a0000] _byte_map_base: 0x000002e39eea0000

Marking Bits (Prev, Next): (CMBitMap*) 0x000002e38776de00, (CMBitMap*) 0x000002e38776ddc8
 Prev Bits: [0x000002e3a1aa0000, 0x000002e3a3aa0000)
 Next Bits: [0x000002e39faa0000, 0x000002e3a1aa0000)

Polling page: 0x000002e3856a0000

Metaspace:

Usage:
  Non-class:     71.36 MB capacity,    70.01 MB ( 98%) used,     1.10 MB (  2%) free+waste,   258.38 KB ( <1%) overhead. 
      Class:     11.19 MB capacity,    10.26 MB ( 92%) used,   825.77 KB (  7%) free+waste,   122.63 KB (  1%) overhead. 
       Both:     82.55 MB capacity,    80.27 MB ( 97%) used,     1.91 MB (  2%) free+waste,   381.00 KB ( <1%) overhead. 

Virtual space:
  Non-class space:       72.00 MB reserved,      71.51 MB (>99%) committed 
      Class space:      504.00 MB reserved,      11.25 MB (  2%) committed 
             Both:      576.00 MB reserved,      82.76 MB ( 14%) committed 

Chunk freelists:
   Non-Class:  22.00 KB
       Class:  29.00 KB
        Both:  51.00 KB

MaxMetaspaceSize: 512.00 MB
CompressedClassSpaceSize: 504.00 MB
Initial GC threshold: 20.80 MB
Current GC threshold: 98.55 MB
CDS: off

CodeHeap 'non-profiled nmethods': size=120064Kb used=5459Kb max_used=5459Kb free=114604Kb
 bounds [0x000002e397960000, 0x000002e397ec0000, 0x000002e39eea0000]
CodeHeap 'profiled nmethods': size=120000Kb used=19290Kb max_used=19290Kb free=100709Kb
 bounds [0x000002e390430000, 0x000002e391710000, 0x000002e397960000]
CodeHeap 'non-nmethods': size=5696Kb used=2383Kb max_used=2416Kb free=3312Kb
 bounds [0x000002e38fea0000, 0x000002e390110000, 0x000002e390430000]
 total_blobs=9741 nmethods=8833 adapters=818
 compilation: enabled
              stopped_count=0, restarted_count=0
 full_count=0

Compilation events (20 events):
Event: 41.891 Thread 0x000002e3a6849800 8758   !   3       java.util.concurrent.ConcurrentHashMap::computeIfAbsent (576 bytes)
Event: 41.893 Thread 0x000002e3a6849800 nmethod 8758 0x000002e3916bc590 code [0x000002e3916bca00, 0x000002e3916bf628]
Event: 41.896 Thread 0x000002e3a6849800 8759       3       java.lang.ClassLoader::postDefineClass (39 bytes)
Event: 41.896 Thread 0x000002e3a6849800 nmethod 8759 0x000002e3916c0810 code [0x000002e3916c0a00, 0x000002e3916c0d18]
Event: 41.897 Thread 0x000002e3a6846000 nmethod 8756 0x000002e397ea9690 code [0x000002e397ea9860, 0x000002e397ea9ed8]
Event: 41.897 Thread 0x000002e3a6846000 8760       4       jdk.internal.loader.URLClassPath$JarLoader$2::getBytes (48 bytes)
Event: 41.986 Thread 0x000002e3a6849800 8763       3       jdk.internal.loader.URLClassPath$JarLoader$2::getCodeSigners (8 bytes)
Event: 41.986 Thread 0x000002e3a6849800 nmethod 8763 0x000002e3916c0e90 code [0x000002e3916c1040, 0x000002e3916c1208]
Event: 41.988 Thread 0x000002e3a6849800 8764       3       java.security.CodeSource::<init> (52 bytes)
Event: 41.988 Thread 0x000002e3a6849800 nmethod 8764 0x000002e3916c1310 code [0x000002e3916c1500, 0x000002e3916c1a78]
Event: 41.990 Thread 0x000002e3a6849800 8765       3       java.net.URLClassLoader$1::run (5 bytes)
Event: 41.990 Thread 0x000002e3a6849800 nmethod 8765 0x000002e3916c1b90 code [0x000002e3916c1d40, 0x000002e3916c1e68]
Event: 41.992 Thread 0x000002e3a6849800 8766       3       java.security.ProtectionDomain::<init> (99 bytes)
Event: 41.992 Thread 0x000002e3a6849800 nmethod 8766 0x000002e3916c1f10 code [0x000002e3916c2140, 0x000002e3916c2c28]
Event: 41.997 Thread 0x000002e3a6849800 8767       3       java.lang.ClassLoader::compareCerts (201 bytes)
Event: 41.998 Thread 0x000002e3a6849800 nmethod 8767 0x000002e3916c2e90 code [0x000002e3916c30a0, 0x000002e3916c38f8]
Event: 42.097 Thread 0x000002e3a6849800 8768       3       jdk.internal.reflect.AccessorGenerator::add (5 bytes)
Event: 42.097 Thread 0x000002e3a6849800 nmethod 8768 0x000002e3916c3c10 code [0x000002e3916c3dc0, 0x000002e3916c3eb8]
Event: 42.097 Thread 0x000002e3a6849800 8769       3       com.android.build.gradle.internal.dsl.decorator.DslDecorator$CollectingInfoVisitor::method (306 bytes)
Event: 42.100 Thread 0x000002e3a6849800 nmethod 8769 0x000002e3916c3f90 code [0x000002e3916c44e0, 0x000002e3916c6a98]

GC Heap History (20 events):
Event: 3.071 GC heap before
{Heap before GC invocations=2 (full 0):
 garbage-first heap   total 262144K, used 41711K [0x0000000080000000, 0x0000000100000000)
  region size 1024K, 33 young (33792K), 4 survivors (4096K)
 Metaspace       used 11380K, capacity 11635K, committed 11904K, reserved 528384K
  class space    used 1210K, capacity 1310K, committed 1408K, reserved 516096K
}
Event: 3.075 GC heap after
{Heap after GC invocations=3 (full 0):
 garbage-first heap   total 262144K, used 15561K [0x0000000080000000, 0x0000000100000000)
  region size 1024K, 5 young (5120K), 5 survivors (5120K)
 Metaspace       used 11380K, capacity 11635K, committed 11904K, reserved 528384K
  class space    used 1210K, capacity 1310K, committed 1408K, reserved 516096K
}
Event: 4.899 GC heap before
{Heap before GC invocations=3 (full 0):
 garbage-first heap   total 262144K, used 54473K [0x0000000080000000, 0x0000000100000000)
  region size 1024K, 43 young (44032K), 5 survivors (5120K)
 Metaspace       used 20218K, capacity 20707K, committed 20864K, reserved 534528K
  class space    used 2394K, capacity 2575K, committed 2688K, reserved 516096K
}
Event: 4.906 GC heap after
{Heap after GC invocations=4 (full 0):
 garbage-first heap   total 262144K, used 18181K [0x0000000080000000, 0x0000000100000000)
  region size 1024K, 6 young (6144K), 6 survivors (6144K)
 Metaspace       used 20218K, capacity 20707K, committed 20864K, reserved 534528K
  class space    used 2394K, capacity 2575K, committed 2688K, reserved 516096K
}
Event: 5.017 GC heap before
{Heap before GC invocations=4 (full 0):
 garbage-first heap   total 262144K, used 24325K [0x0000000080000000, 0x0000000100000000)
  region size 1024K, 13 young (13312K), 6 survivors (6144K)
 Metaspace       used 20812K, capacity 21185K, committed 21296K, reserved 536576K
  class space    used 2484K, capacity 2651K, committed 2688K, reserved 516096K
}
Event: 5.022 GC heap after
{Heap after GC invocations=5 (full 0):
 garbage-first heap   total 262144K, used 18530K [0x0000000080000000, 0x0000000100000000)
  region size 1024K, 3 young (3072K), 3 survivors (3072K)
 Metaspace       used 20812K, capacity 21185K, committed 21296K, reserved 536576K
  class space    used 2484K, capacity 2651K, committed 2688K, reserved 516096K
}
Event: 5.967 GC heap before
{Heap before GC invocations=6 (full 0):
 garbage-first heap   total 262144K, used 76898K [0x0000000080000000, 0x0000000100000000)
  region size 1024K, 60 young (61440K), 3 survivors (3072K)
 Metaspace       used 26332K, capacity 26866K, committed 27184K, reserved 540672K
  class space    used 3374K, capacity 3590K, committed 3712K, reserved 516096K
}
Event: 5.972 GC heap after
{Heap after GC invocations=7 (full 0):
 garbage-first heap   total 262144K, used 20578K [0x0000000080000000, 0x0000000100000000)
  region size 1024K, 5 young (5120K), 5 survivors (5120K)
 Metaspace       used 26332K, capacity 26866K, committed 27184K, reserved 540672K
  class space    used 3374K, capacity 3590K, committed 3712K, reserved 516096K
}
Event: 7.665 GC heap before
{Heap before GC invocations=7 (full 0):
 garbage-first heap   total 262144K, used 89186K [0x0000000080000000, 0x0000000100000000)
  region size 1024K, 73 young (74752K), 5 survivors (5120K)
 Metaspace       used 34958K, capacity 35779K, committed 35920K, reserved 548864K
  class space    used 4464K, capacity 4780K, committed 4864K, reserved 516096K
}
Event: 7.683 GC heap after
{Heap after GC invocations=8 (full 0):
 garbage-first heap   total 262144K, used 23869K [0x0000000080000000, 0x0000000100000000)
  region size 1024K, 9 young (9216K), 9 survivors (9216K)
 Metaspace       used 34958K, capacity 35779K, committed 35920K, reserved 548864K
  class space    used 4464K, capacity 4780K, committed 4864K, reserved 516096K
}
Event: 13.585 GC heap before
{Heap before GC invocations=9 (full 0):
 garbage-first heap   total 262144K, used 131389K [0x0000000080000000, 0x0000000100000000)
  region size 1024K, 111 young (113664K), 9 survivors (9216K)
 Metaspace       used 44064K, capacity 45287K, committed 45520K, reserved 557056K
  class space    used 5500K, capacity 5994K, committed 6016K, reserved 516096K
}
Event: 13.598 GC heap after
{Heap after GC invocations=10 (full 0):
 garbage-first heap   total 262144K, used 30962K [0x0000000080000000, 0x0000000100000000)
  region size 1024K, 13 young (13312K), 13 survivors (13312K)
 Metaspace       used 44064K, capacity 45287K, committed 45520K, reserved 557056K
  class space    used 5500K, capacity 5994K, committed 6016K, reserved 516096K
}
Event: 16.933 GC heap before
{Heap before GC invocations=10 (full 0):
 garbage-first heap   total 262144K, used 180466K [0x0000000080000000, 0x0000000100000000)
  region size 1024K, 153 young (156672K), 13 survivors (13312K)
 Metaspace       used 56080K, capacity 57678K, committed 57936K, reserved 567296K
  class space    used 7230K, capacity 7868K, committed 7936K, reserved 516096K
}
Event: 16.948 GC heap after
{Heap after GC invocations=11 (full 0):
 garbage-first heap   total 262144K, used 42852K [0x0000000080000000, 0x0000000100000000)
  region size 1024K, 16 young (16384K), 16 survivors (16384K)
 Metaspace       used 56080K, capacity 57678K, committed 57936K, reserved 567296K
  class space    used 7230K, capacity 7868K, committed 7936K, reserved 516096K
}
Event: 17.952 GC heap before
{Heap before GC invocations=11 (full 0):
 garbage-first heap   total 262144K, used 74596K [0x0000000080000000, 0x0000000100000000)
  region size 1024K, 48 young (49152K), 16 survivors (16384K)
 Metaspace       used 58494K, capacity 60211K, committed 60296K, reserved 569344K
  class space    used 7566K, capacity 8308K, committed 8320K, reserved 516096K
}
Event: 17.969 GC heap after
{Heap after GC invocations=12 (full 0):
 garbage-first heap   total 262144K, used 44544K [0x0000000080000000, 0x0000000100000000)
  region size 1024K, 9 young (9216K), 9 survivors (9216K)
 Metaspace       used 58494K, capacity 60211K, committed 60296K, reserved 569344K
  class space    used 7566K, capacity 8308K, committed 8320K, reserved 516096K
}
Event: 24.453 GC heap before
{Heap before GC invocations=13 (full 0):
 garbage-first heap   total 262144K, used 186880K [0x0000000080000000, 0x0000000100000000)
  region size 1024K, 148 young (151552K), 9 survivors (9216K)
 Metaspace       used 68183K, capacity 70228K, committed 70408K, reserved 577536K
  class space    used 8888K, capacity 9728K, committed 9728K, reserved 516096K
}
Event: 24.464 GC heap after
{Heap after GC invocations=14 (full 0):
 garbage-first heap   total 262144K, used 50033K [0x0000000080000000, 0x0000000100000000)
  region size 1024K, 14 young (14336K), 14 survivors (14336K)
 Metaspace       used 68183K, capacity 70228K, committed 70408K, reserved 577536K
  class space    used 8888K, capacity 9728K, committed 9728K, reserved 516096K
}
Event: 41.527 GC heap before
{Heap before GC invocations=14 (full 0):
 garbage-first heap   total 262144K, used 195441K [0x0000000080000000, 0x0000000100000000)
  region size 1024K, 153 young (156672K), 14 survivors (14336K)
 Metaspace       used 80491K, capacity 82838K, committed 82952K, reserved 589824K
  class space    used 10291K, capacity 11262K, committed 11264K, reserved 516096K
}
Event: 41.548 GC heap after
{Heap after GC invocations=15 (full 0):
 garbage-first heap   total 262144K, used 64881K [0x0000000080000000, 0x0000000100000000)
  region size 1024K, 20 young (20480K), 20 survivors (20480K)
 Metaspace       used 80491K, capacity 82838K, committed 82952K, reserved 589824K
  class space    used 10291K, capacity 11262K, committed 11264K, reserved 516096K
}

Deoptimization events (20 events):
Event: 41.582 Thread 0x000002e3a8450800 DEOPT PACKING pc=0x000002e390770049 sp=0x000000eff0ef2a30
Event: 41.582 Thread 0x000002e3a8450800 DEOPT UNPACKING pc=0x000002e38feea95e sp=0x000000eff0ef1ea8 mode 0
Event: 41.582 Thread 0x000002e3a8450800 DEOPT PACKING pc=0x000002e390770049 sp=0x000000eff0ef2a30
Event: 41.582 Thread 0x000002e3a8450800 DEOPT UNPACKING pc=0x000002e38feea95e sp=0x000000eff0ef1ea8 mode 0
Event: 41.620 Thread 0x000002e3a8450800 Uncommon trap: trap_request=0xffffffbe fr.pc=0x000002e397e9dc90 relative=0x00000000000007b0
Event: 41.620 Thread 0x000002e3a8450800 Uncommon trap: reason=profile_predicate action=maybe_recompile pc=0x000002e397e9dc90 method=java.math.BigInteger.montReduce([I[III)[I @ 9 c2
Event: 41.620 Thread 0x000002e3a8450800 DEOPT PACKING pc=0x000002e397e9dc90 sp=0x000000eff0ef2760
Event: 41.620 Thread 0x000002e3a8450800 DEOPT UNPACKING pc=0x000002e38feea1af sp=0x000000eff0ef2730 mode 2
Event: 41.621 Thread 0x000002e3a8450800 Uncommon trap: trap_request=0xffffffbe fr.pc=0x000002e397e9dc90 relative=0x00000000000007b0
Event: 41.621 Thread 0x000002e3a8450800 Uncommon trap: reason=profile_predicate action=maybe_recompile pc=0x000002e397e9dc90 method=java.math.BigInteger.montReduce([I[III)[I @ 9 c2
Event: 41.621 Thread 0x000002e3a8450800 DEOPT PACKING pc=0x000002e397e9dc90 sp=0x000000eff0ef2760
Event: 41.621 Thread 0x000002e3a8450800 DEOPT UNPACKING pc=0x000002e38feea1af sp=0x000000eff0ef2730 mode 2
Event: 41.623 Thread 0x000002e3a8450800 Uncommon trap: trap_request=0xffffffc6 fr.pc=0x000002e397aff250 relative=0x00000000000008f0
Event: 41.623 Thread 0x000002e3a8450800 Uncommon trap: reason=bimorphic_or_optimized_type_check action=maybe_recompile pc=0x000002e397aff250 method=java.lang.Throwable.<init>(Ljava/lang/String;Ljava/lang/Throwable;)V @ 24 c2
Event: 41.623 Thread 0x000002e3a8450800 DEOPT PACKING pc=0x000002e397aff250 sp=0x000000eff0ef2af0
Event: 41.623 Thread 0x000002e3a8450800 DEOPT UNPACKING pc=0x000002e38feea1af sp=0x000000eff0ef2ab8 mode 2
Event: 42.020 Thread 0x000002e3a8450800 Uncommon trap: trap_request=0xffffff4d fr.pc=0x000002e397c14aa4 relative=0x0000000000003104
Event: 42.020 Thread 0x000002e3a8450800 Uncommon trap: reason=unstable_if action=reinterpret pc=0x000002e397c14aa4 method=java.util.regex.Pattern.has(I)Z @ 6 c2
Event: 42.020 Thread 0x000002e3a8450800 DEOPT PACKING pc=0x000002e397c14aa4 sp=0x000000eff0ef63e0
Event: 42.020 Thread 0x000002e3a8450800 DEOPT UNPACKING pc=0x000002e38feea1af sp=0x000000eff0ef6370 mode 2

Classes redefined (0 events):
No events

Internal exceptions (20 events):
Event: 34.322 Thread 0x000002e3a8450800 Exception <a 'java/security/PrivilegedActionException'{0x000000008abb0440}> (0x000000008abb0440) thrown at [./src/hotspot/share/prims/jvm.cpp, line 1306]
Event: 34.794 Thread 0x000002e3a8450800 Exception <a 'java/security/PrivilegedActionException'{0x000000008a5d2490}> (0x000000008a5d2490) thrown at [./src/hotspot/share/prims/jvm.cpp, line 1306]
Event: 34.794 Thread 0x000002e3a8450800 Exception <a 'java/security/PrivilegedActionException'{0x000000008a5d39f8}> (0x000000008a5d39f8) thrown at [./src/hotspot/share/prims/jvm.cpp, line 1306]
Event: 34.794 Thread 0x000002e3a8450800 Exception <a 'java/security/PrivilegedActionException'{0x000000008a5d6e18}> (0x000000008a5d6e18) thrown at [./src/hotspot/share/prims/jvm.cpp, line 1306]
Event: 34.794 Thread 0x000002e3a8450800 Exception <a 'java/security/PrivilegedActionException'{0x000000008a5d8380}> (0x000000008a5d8380) thrown at [./src/hotspot/share/prims/jvm.cpp, line 1306]
Event: 34.794 Thread 0x000002e3a8450800 Exception <a 'java/security/PrivilegedActionException'{0x000000008a5db8c0}> (0x000000008a5db8c0) thrown at [./src/hotspot/share/prims/jvm.cpp, line 1306]
Event: 34.794 Thread 0x000002e3a8450800 Exception <a 'java/security/PrivilegedActionException'{0x000000008a5dce28}> (0x000000008a5dce28) thrown at [./src/hotspot/share/prims/jvm.cpp, line 1306]
Event: 34.795 Thread 0x000002e3a8450800 Exception <a 'java/security/PrivilegedActionException'{0x000000008a5e0280}> (0x000000008a5e0280) thrown at [./src/hotspot/share/prims/jvm.cpp, line 1306]
Event: 34.795 Thread 0x000002e3a8450800 Exception <a 'java/security/PrivilegedActionException'{0x000000008a5e17e8}> (0x000000008a5e17e8) thrown at [./src/hotspot/share/prims/jvm.cpp, line 1306]
Event: 34.795 Thread 0x000002e3a8450800 Exception <a 'java/security/PrivilegedActionException'{0x000000008a5e4c88}> (0x000000008a5e4c88) thrown at [./src/hotspot/share/prims/jvm.cpp, line 1306]
Event: 34.795 Thread 0x000002e3a8450800 Exception <a 'java/security/PrivilegedActionException'{0x000000008a5e61f0}> (0x000000008a5e61f0) thrown at [./src/hotspot/share/prims/jvm.cpp, line 1306]
Event: 34.795 Thread 0x000002e3a8450800 Exception <a 'java/security/PrivilegedActionException'{0x000000008a5e9730}> (0x000000008a5e9730) thrown at [./src/hotspot/share/prims/jvm.cpp, line 1306]
Event: 34.795 Thread 0x000002e3a8450800 Exception <a 'java/security/PrivilegedActionException'{0x000000008a5eac98}> (0x000000008a5eac98) thrown at [./src/hotspot/share/prims/jvm.cpp, line 1306]
Event: 36.415 Thread 0x000002e3a8450800 Exception <a 'java/lang/NoSuchMethodError'{0x0000000089859420}: 'java.lang.Object java.lang.invoke.DirectMethodHandle$Holder.invokeStatic(java.lang.Object, java.lang.Object, java.lang.Object, java.lang.Object, java.lang.Object, java.lang.Object, java.lang.Object, java.lang.Object, java.lang.Object, java.lang.Object, java.lang.Object, java.lang.Object, java.lang.Object, int)'> (0x0000000089859420) thrown at [./src/hotspot/share/interpreter/linkResolver.cpp, line 773]
Event: 36.457 Thread 0x000002e3a8450800 Exception <a 'java/lang/NoSuchMethodError'{0x0000000089866e08}: 'java.lang.Object java.lang.invoke.DirectMethodHandle$Holder.invokeStatic(java.lang.Object, java.lang.Object, java.lang.Object, java.lang.Object, java.lang.Object, java.lang.Object, java.lang.Object, java.lang.Object, java.lang.Object, java.lang.Object, java.lang.Object, java.lang.Object, java.lang.Object, int, int)'> (0x0000000089866e08) thrown at [./src/hotspot/share/interpreter/linkResolver.cpp, line 773]
Event: 40.668 Thread 0x000002e3a8450800 Exception <a 'java/lang/NoSuchMethodError'{0x0000000087d4def8}: 'java.lang.Object java.lang.invoke.DirectMethodHandle$Holder.invokeSpecial(java.lang.Object, java.lang.Object, int, int, int, java.lang.Object, java.lang.Object, java.lang.Object, java.lang.Object)'> (0x0000000087d4def8) thrown at [./src/hotspot/share/interpreter/linkResolver.cpp, line 773]
Event: 40.668 Thread 0x000002e3a8450800 Exception <a 'java/lang/NoSuchMethodError'{0x0000000087d52948}: 'java.lang.Object java.lang.invoke.DelegatingMethodHandle$Holder.reinvoke_L(java.lang.Object, int, int, int, java.lang.Object, java.lang.Object, java.lang.Object, java.lang.Object)'> (0x0000000087d52948) thrown at [./src/hotspot/share/interpreter/linkResolver.cpp, line 773]
Event: 40.864 Thread 0x000002e3a8450800 Implicit null exception at 0x000002e397cada2b to 0x000002e397cadcf8
Event: 41.244 Thread 0x000002e3a8450800 Implicit null exception at 0x000002e397b0982c to 0x000002e397b0994e
Event: 41.859 Thread 0x000002e3a8450800 Exception <a 'sun/nio/fs/WindowsException'{0x000000008f13a2d8}> (0x000000008f13a2d8) thrown at [./src/hotspot/share/prims/jni.cpp, line 617]

Events (20 events):
Event: 42.019 loading class com/android/build/api/dsl/Shaders
Event: 42.019 loading class com/android/build/api/dsl/Shaders done
Event: 42.019 loading class com/android/utils/StringHelper
Event: 42.019 loading class com/android/utils/StringHelper done
Event: 42.021 loading class com/android/builder/core/AbstractProductFlavor$DimensionRequest
Event: 42.021 loading class com/android/builder/core/AbstractProductFlavor$DimensionRequest done
Event: 42.021 loading class kotlin/jvm/JvmStatic
Event: 42.021 loading class kotlin/jvm/JvmStatic done
Event: 42.022 loading class kotlin/jvm/JvmStatic
Event: 42.022 loading class kotlin/jvm/JvmStatic done
Event: 42.096 loading class com/android/builder/model/ClassField
Event: 42.096 loading class com/android/builder/model/ClassField done
Event: 42.096 loading class org/gradle/api/Incubating
Event: 42.096 loading class org/gradle/api/Incubating done
Event: 42.098 loading class com/android/build/gradle/internal/dsl/decorator/DslDecorator$findAbstractProperties$1$2
Event: 42.098 loading class com/android/build/gradle/internal/dsl/decorator/DslDecorator$findAbstractProperties$1$2 done
Event: 42.099 loading class com/android/build/gradle/internal/dsl/decorator/DslDecorator$findAbstractProperties$1$3
Event: 42.099 loading class com/android/build/gradle/internal/dsl/decorator/DslDecorator$findAbstractProperties$1$3 done
Event: 42.102 loading class com/android/build/gradle/internal/dsl/decorator/DslDecorator$ManagedProperty
Event: 42.102 loading class com/android/build/gradle/internal/dsl/decorator/DslDecorator$ManagedProperty done


Dynamic libraries:
0x00007ff634930000 - 0x00007ff63493d000 	C:\Program Files\Microsoft\jdk-11.0.18.10-hotspot\bin\java.exe
0x00007fff0a650000 - 0x00007fff0a864000 	C:\Windows\SYSTEM32\ntdll.dll
0x00007fff08730000 - 0x00007fff087f4000 	C:\Windows\System32\KERNEL32.DLL
0x00007fff07c60000 - 0x00007fff08004000 	C:\Windows\System32\KERNELBASE.dll
0x00007fff07a30000 - 0x00007fff07b41000 	C:\Windows\System32\ucrtbase.dll
0x00007ffee76a0000 - 0x00007ffee76b7000 	C:\Program Files\Microsoft\jdk-11.0.18.10-hotspot\bin\jli.dll
0x00007fff09d90000 - 0x00007fff09f3a000 	C:\Windows\System32\USER32.dll
0x00007fff08320000 - 0x00007fff08346000 	C:\Windows\System32\win32u.dll
0x00007fff09f40000 - 0x00007fff09f69000 	C:\Windows\System32\GDI32.dll
0x00007fff08090000 - 0x00007fff081a9000 	C:\Windows\System32\gdi32full.dll
0x00007fff07b50000 - 0x00007fff07bea000 	C:\Windows\System32\msvcp_win.dll
0x00007ffee7680000 - 0x00007ffee7695000 	C:\Program Files\Microsoft\jdk-11.0.18.10-hotspot\bin\VCRUNTIME140.dll
0x00007ffef1ca0000 - 0x00007ffef1f2f000 	C:\Windows\WinSxS\amd64_microsoft.windows.common-controls_6595b64144ccf1df_6.0.22621.2070_none_2713e6537381f706\COMCTL32.dll
0x00007fff0a560000 - 0x00007fff0a607000 	C:\Windows\System32\msvcrt.dll
0x00007fff091a0000 - 0x00007fff091d1000 	C:\Windows\System32\IMM32.DLL
0x00007ffed5e30000 - 0x00007ffed5ecb000 	C:\Program Files\Microsoft\jdk-11.0.18.10-hotspot\bin\msvcp140.dll
0x00007ffec81f0000 - 0x00007ffec8d82000 	C:\Program Files\Microsoft\jdk-11.0.18.10-hotspot\bin\server\jvm.dll
0x00007fff08f20000 - 0x00007fff08fd0000 	C:\Windows\System32\ADVAPI32.dll
0x00007fff08c30000 - 0x00007fff08cd6000 	C:\Windows\System32\sechost.dll
0x00007fff09000000 - 0x00007fff09117000 	C:\Windows\System32\RPCRT4.dll
0x00007fff08720000 - 0x00007fff08728000 	C:\Windows\System32\PSAPI.DLL
0x00007fff045b0000 - 0x00007fff045b9000 	C:\Windows\SYSTEM32\WSOCK32.dll
0x00007fff089f0000 - 0x00007fff08a61000 	C:\Windows\System32\WS2_32.dll
0x00007ffef9d70000 - 0x00007ffef9da4000 	C:\Windows\SYSTEM32\WINMM.dll
0x00007ffeff3e0000 - 0x00007ffeff3ea000 	C:\Windows\SYSTEM32\VERSION.dll
0x00007fff069e0000 - 0x00007fff069f8000 	C:\Windows\SYSTEM32\kernel.appcore.dll
0x00007ffee9ef0000 - 0x00007ffee9f00000 	C:\Program Files\Microsoft\jdk-11.0.18.10-hotspot\bin\verify.dll
0x00007ffef9700000 - 0x00007ffef992e000 	C:\Windows\SYSTEM32\DBGHELP.DLL
0x00007fff091e0000 - 0x00007fff0956a000 	C:\Windows\System32\combase.dll
0x00007fff09f70000 - 0x00007fff0a047000 	C:\Windows\System32\OLEAUT32.dll
0x00007ffef6630000 - 0x00007ffef6662000 	C:\Windows\SYSTEM32\dbgcore.DLL
0x00007fff08010000 - 0x00007fff0808a000 	C:\Windows\System32\bcryptPrimitives.dll
0x00007ffed6000000 - 0x00007ffed6028000 	C:\Program Files\Microsoft\jdk-11.0.18.10-hotspot\bin\java.dll
0x00007ffee9be0000 - 0x00007ffee9bea000 	C:\Program Files\Microsoft\jdk-11.0.18.10-hotspot\bin\jimage.dll
0x00007ffee09a0000 - 0x00007ffee09b8000 	C:\Program Files\Microsoft\jdk-11.0.18.10-hotspot\bin\zip.dll
0x00007fff09570000 - 0x00007fff09d86000 	C:\Windows\System32\SHELL32.dll
0x00007fff059b0000 - 0x00007fff0629a000 	C:\Windows\SYSTEM32\windows.storage.dll
0x00007fff05870000 - 0x00007fff059ae000 	C:\Windows\SYSTEM32\wintypes.dll
0x00007fff08520000 - 0x00007fff08613000 	C:\Windows\System32\SHCORE.dll
0x00007fff0a500000 - 0x00007fff0a55e000 	C:\Windows\System32\shlwapi.dll
0x00007fff07960000 - 0x00007fff07986000 	C:\Windows\SYSTEM32\profapi.dll
0x00007ffedf100000 - 0x00007ffedf119000 	C:\Program Files\Microsoft\jdk-11.0.18.10-hotspot\bin\net.dll
0x00007fff02060000 - 0x00007fff02197000 	C:\Windows\SYSTEM32\WINHTTP.dll
0x00007fff06ea0000 - 0x00007fff06f09000 	C:\Windows\system32\mswsock.dll
0x00007ffed86b0000 - 0x00007ffed86c3000 	C:\Program Files\Microsoft\jdk-11.0.18.10-hotspot\bin\nio.dll
0x00007ffed5d90000 - 0x00007ffed5db7000 	C:\Users\Yug J\.gradle\native\68d5fa5c4cc2d200863cafc0d521ce42e7d3e7ee720ec0a83991735586a16f82\windows-amd64\native-platform.dll
0x00007ffecc800000 - 0x00007ffecc944000 	C:\Users\Yug J\.gradle\native\e376f236ea51e6404a007f0833ffe2c6e607c4080706a723a18a27aeea778392\windows-amd64\native-platform-file-events.dll
0x00007ffee2a00000 - 0x00007ffee2a09000 	C:\Program Files\Microsoft\jdk-11.0.18.10-hotspot\bin\management.dll
0x00007ffee2780000 - 0x00007ffee278b000 	C:\Program Files\Microsoft\jdk-11.0.18.10-hotspot\bin\management_ext.dll
0x00007fff07230000 - 0x00007fff0724b000 	C:\Windows\SYSTEM32\CRYPTSP.dll
0x00007fff069a0000 - 0x00007fff069d5000 	C:\Windows\system32\rsaenh.dll
0x00007fff06f40000 - 0x00007fff06f6c000 	C:\Windows\SYSTEM32\USERENV.dll
0x00007fff073f0000 - 0x00007fff07418000 	C:\Windows\SYSTEM32\bcrypt.dll
0x00007fff071a0000 - 0x00007fff071ac000 	C:\Windows\SYSTEM32\CRYPTBASE.dll
0x00007fff06500000 - 0x00007fff0652d000 	C:\Windows\SYSTEM32\IPHLPAPI.DLL
0x00007fff08ff0000 - 0x00007fff08ff9000 	C:\Windows\System32\NSI.dll
0x00007fff02360000 - 0x00007fff02379000 	C:\Windows\SYSTEM32\dhcpcsvc6.DLL
0x00007fff01fc0000 - 0x00007fff01fdf000 	C:\Windows\SYSTEM32\dhcpcsvc.DLL
0x00007fff06570000 - 0x00007fff06663000 	C:\Windows\SYSTEM32\DNSAPI.dll

dbghelp: loaded successfully - version: 4.0.5 - missing functions: none
symbol engine: initialized successfully - sym options: 0x614 - pdb path: .;C:\Program Files\Microsoft\jdk-11.0.18.10-hotspot\bin;C:\Windows\SYSTEM32;C:\Windows\WinSxS\amd64_microsoft.windows.common-controls_6595b64144ccf1df_6.0.22621.2070_none_2713e6537381f706;C:\Program Files\Microsoft\jdk-11.0.18.10-hotspot\bin\server;C:\Users\Yug J\.gradle\native\68d5fa5c4cc2d200863cafc0d521ce42e7d3e7ee720ec0a83991735586a16f82\windows-amd64;C:\Users\Yug J\.gradle\native\e376f236ea51e6404a007f0833ffe2c6e607c4080706a723a18a27aeea778392\windows-amd64

VM Arguments:
jvm_args: -XX:MaxMetaspaceSize=512m --add-opens=java.base/java.util=ALL-UNNAMED --add-opens=java.base/java.lang=ALL-UNNAMED --add-opens=java.base/java.lang.invoke=ALL-UNNAMED --add-opens=java.prefs/java.util.prefs=ALL-UNNAMED --add-opens=java.base/java.nio.charset=ALL-UNNAMED --add-opens=java.base/java.net=ALL-UNNAMED --add-opens=java.base/java.util.concurrent.atomic=ALL-UNNAMED -Xmx2048m -Dfile.encoding=windows-1252 -Duser.country=US -Duser.language=en -Duser.variant 
java_command: org.gradle.launcher.daemon.bootstrap.GradleDaemon 8.0.1
java_class_path (initial): C:\Users\Yug J\.gradle\wrapper\dists\gradle-8.0.1-all\aro4hu1c3oeioove7l0i4i14o\gradle-8.0.1\lib\gradle-launcher-8.0.1.jar
Launcher Type: SUN_STANDARD

[Global flags]
     intx CICompilerCount                          = 3                                         {product} {ergonomic}
   size_t CompressedClassSpaceSize                 = 528482304                                 {product} {ergonomic}
     uint ConcGCThreads                            = 1                                         {product} {ergonomic}
     uint G1ConcRefinementThreads                  = 4                                         {product} {ergonomic}
   size_t G1HeapRegionSize                         = 1048576                                   {product} {ergonomic}
    uintx GCDrainStackTargetSize                   = 64                                        {product} {ergonomic}
   size_t InitialHeapSize                          = 268435456                                 {product} {ergonomic}
   size_t MarkStackSize                            = 4194304                                   {product} {ergonomic}
   size_t MaxHeapSize                              = 2147483648                                {product} {command line}
   size_t MaxMetaspaceSize                         = 536870912                                 {product} {command line}
   size_t MaxNewSize                               = 1287651328                                {product} {ergonomic}
   size_t MinHeapDeltaBytes                        = 1048576                                   {product} {ergonomic}
    uintx NonNMethodCodeHeapSize                   = 5830732                                {pd product} {ergonomic}
    uintx NonProfiledCodeHeapSize                  = 122913754                              {pd product} {ergonomic}
    uintx ProfiledCodeHeapSize                     = 122913754                              {pd product} {ergonomic}
    uintx ReservedCodeCacheSize                    = 251658240                              {pd product} {ergonomic}
     bool SegmentedCodeCache                       = true                                      {product} {ergonomic}
     bool UseCompressedClassPointers               = true                                 {lp64_product} {ergonomic}
     bool UseCompressedOops                        = true                                 {lp64_product} {ergonomic}
     bool UseG1GC                                  = true                                      {product} {ergonomic}
     bool UseLargePagesIndividualAllocation        = false                                  {pd product} {ergonomic}

Logging:
Log output configuration:
 #0: stdout all=warning uptime,level,tags
 #1: stderr all=off uptime,level,tags

Environment Variables:
JAVA_HOME=C:\Program Files\Microsoft\jdk-11.0.18.10-hotspot\
CLASSPATH=D:\React-Native\passwordGenerator\android\\gradle\wrapper\gradle-wrapper.jar
PATH=D:\React-Native\passwordGenerator\node_modules\.bin;D:\React-Native\passwordGenerator\node_modules\.bin;D:\React-Native\node_modules\.bin;D:\node_modules\.bin;C:\Users\Yug J\AppData\Roaming\npm\node_modules\npm\node_modules\@npmcli\run-script\lib\node-gyp-bin;C:\Program Files\Microsoft\jdk-11.0.18.10-hotspot\bin;C:\Program Files\OpenLogic\jdk-17.0.5.8-hotspot\bin;C:\oraclexe\app\oracle\product\11.2.0\server\bin;C:\Windows\system32;C:\Windows;C:\Windows\System32\Wbem;C:\Windows\System32\WindowsPowerShell\v1.0\;C:\Windows\System32\OpenSSH\;C:\Program Files\Git\cmd;C:\Program Files\nodejs\;E:\SDK;E:\SDK\platform-tools;C:\ProgramData\chocolatey\bin;C:\Users\Yug J\.console-ninja\.bin;C:\Users\Yug J\AppData\Local\Microsoft\WindowsApps;C:\Users\Yug J\AppData\Local\Programs\Microsoft VS Code\bin;C:\Users\Yug J\AppData\Local\GitHubDesktop\bin;C:\Users\Yug J\AppData\Roaming\npm;E:\SDK;E:\SDK\platform-tools;E:\SDK\emulator;E:\SDK\Sdk\tools;E:\SDK\Sdk\tools\bin;
USERNAME=Yug J
LANG=en_US.UTF-8
OS=Windows_NT
PROCESSOR_IDENTIFIER=Intel64 Family 6 Model 60 Stepping 3, GenuineIntel
TMP=C:\Users\YUGJ~1\AppData\Local\Temp
TEMP=C:\Users\YUGJ~1\AppData\Local\Temp



---------------  S Y S T E M  ---------------

OS: Windows 11 , 64 bit Build 22621 (10.0.22621.2070)
OS uptime: 0 days 10:12 hours
Hyper-V role detected

CPU:total 4 (initial active 4) (4 cores per cpu, 1 threads per core) family 6 model 60 stepping 3 microcode 0x28, cmov, cx8, fxsr, mmx, sse, sse2, sse3, ssse3, sse4.1, sse4.2, popcnt, avx, avx2, aes, clmul, erms, lzcnt, tsc, tscinvbit, bmi1, bmi2, fma

Memory: 4k page, system-wide physical 16307M (535M free)
TotalPageFile size 44837M (AvailPageFile size 3M)
current process WorkingSet (physical memory assigned to process): 444M, peak: 444M
current process commit charge ("private bytes"): 518M, peak: 519M

vm_info: OpenJDK 64-Bit Server VM (11.0.18+10-LTS) for windows-amd64 JRE (11.0.18+10-LTS), built on Jan 18 2023 15:56:47 by "MicrosoftCorporation" with MS VC++ 15.9 (VS2017)

END.
